TN:
SF:src\components\LoadingScreen.js
FN:10,LoadingScreen
FNF:1
FNH:0
FNDA:0,LoadingScreen
DA:11,0
DA:39,0
LF:2
LH:0
BRDA:10,0,0,0
BRF:1
BRH:0
end_of_record
TN:
SF:src\components\SignatureComponent.js
FN:19,SignatureComponent
FN:30,(anonymous_1)
FN:31,(anonymous_2)
FN:33,(anonymous_3)
FN:39,(anonymous_4)
FN:41,(anonymous_5)
FN:44,(anonymous_6)
FN:46,(anonymous_7)
FN:52,(anonymous_8)
FN:57,(anonymous_9)
FN:128,(anonymous_10)
FNF:11
FNH:0
FNDA:0,SignatureComponent
FNDA:0,(anonymous_1)
FNDA:0,(anonymous_2)
FNDA:0,(anonymous_3)
FNDA:0,(anonymous_4)
FNDA:0,(anonymous_5)
FNDA:0,(anonymous_6)
FNDA:0,(anonymous_7)
FNDA:0,(anonymous_8)
FNDA:0,(anonymous_9)
FNDA:0,(anonymous_10)
DA:17,0
DA:25,0
DA:26,0
DA:27,0
DA:29,0
DA:30,0
DA:31,0
DA:34,0
DA:35,0
DA:36,0
DA:40,0
DA:41,0
DA:45,0
DA:46,0
DA:47,0
DA:52,0
DA:53,0
DA:54,0
DA:57,0
DA:58,0
DA:59,0
DA:60,0
DA:63,0
DA:65,0
DA:71,0
DA:81,0
DA:82,0
DA:83,0
DA:85,0
DA:86,0
DA:90,0
DA:129,0
DA:206,0
LF:33
LH:0
BRDA:23,0,0,0
BRDA:45,1,0,0
BRDA:45,1,1,0
BRDA:58,2,0,0
BRDA:58,2,1,0
BRDA:58,3,0,0
BRDA:58,3,1,0
BRDA:141,4,0,0
BRDA:141,4,1,0
BRDA:157,5,0,0
BRDA:157,5,1,0
BRDA:157,5,2,0
BRF:12
BRH:0
end_of_record
TN:
SF:src\components\os\EmptyState.js
FN:12,EmptyState
FN:21,(anonymous_1)
FNF:2
FNH:0
FNDA:0,EmptyState
FNDA:0,(anonymous_1)
DA:21,0
DA:22,0
DA:24,0
DA:35,0
DA:44,0
DA:53,0
DA:62,0
DA:71,0
DA:80,0
DA:89,0
DA:99,0
DA:101,0
DA:169,0
LF:13
LH:0
BRDA:13,0,0,0
BRDA:22,1,0,0
BRDA:22,1,1,0
BRDA:22,1,2,0
BRDA:22,1,3,0
BRDA:22,1,4,0
BRDA:22,1,5,0
BRDA:22,1,6,0
BRDA:22,1,7,0
BRDA:27,2,0,0
BRDA:27,2,1,0
BRDA:105,3,0,0
BRDA:105,3,1,0
BRDA:118,4,0,0
BRDA:118,4,1,0
BRDA:123,5,0,0
BRDA:123,5,1,0
BRDA:127,6,0,0
BRDA:127,6,1,0
BRDA:131,7,0,0
BRDA:131,7,1,0
BRDA:132,8,0,0
BRDA:132,8,1,0
BRDA:139,9,0,0
BRDA:139,9,1,0
BRDA:139,9,2,0
BRDA:141,10,0,0
BRDA:141,10,1,0
BRDA:147,11,0,0
BRDA:147,11,1,0
BRDA:157,12,0,0
BRDA:157,12,1,0
BRF:32
BRH:0
end_of_record
TN:
SF:src\components\os\FilterModal.js
FN:54,FilterModal
FN:63,(anonymous_1)
FN:64,(anonymous_2)
FN:70,(anonymous_3)
FN:75,(anonymous_4)
FN:89,(anonymous_5)
FN:100,(anonymous_6)
FN:107,(anonymous_7)
FN:114,(anonymous_8)
FN:175,(anonymous_9)
FN:179,(anonymous_10)
FN:188,(anonymous_11)
FN:192,(anonymous_12)
FN:201,(anonymous_13)
FN:205,(anonymous_14)
FN:214,(anonymous_15)
FN:218,(anonymous_16)
FN:230,(anonymous_17)
FN:248,(anonymous_18)
FN:276,(anonymous_19)
FN:289,(anonymous_20)
FN:302,(anonymous_21)
FNF:22
FNH:0
FNDA:0,FilterModal
FNDA:0,(anonymous_1)
FNDA:0,(anonymous_2)
FNDA:0,(anonymous_3)
FNDA:0,(anonymous_4)
FNDA:0,(anonymous_5)
FNDA:0,(anonymous_6)
FNDA:0,(anonymous_7)
FNDA:0,(anonymous_8)
FNDA:0,(anonymous_9)
FNDA:0,(anonymous_10)
FNDA:0,(anonymous_11)
FNDA:0,(anonymous_12)
FNDA:0,(anonymous_13)
FNDA:0,(anonymous_14)
FNDA:0,(anonymous_15)
FNDA:0,(anonymous_16)
FNDA:0,(anonymous_17)
FNDA:0,(anonymous_18)
FNDA:0,(anonymous_19)
FNDA:0,(anonymous_20)
FNDA:0,(anonymous_21)
DA:14,0
DA:26,0
DA:34,0
DA:45,0
DA:61,0
DA:63,0
DA:64,0
DA:70,0
DA:71,0
DA:72,0
DA:75,0
DA:76,0
DA:86,0
DA:89,0
DA:90,0
DA:91,0
DA:92,0
DA:93,0
DA:94,0
DA:95,0
DA:96,0
DA:97,0
DA:100,0
DA:101,0
DA:107,0
DA:108,0
DA:114,0
DA:143,0
DA:176,0
DA:179,0
DA:189,0
DA:192,0
DA:202,0
DA:205,0
DA:215,0
DA:218,0
DA:230,0
DA:248,0
DA:276,0
DA:289,0
DA:302,0
DA:331,0
LF:42
LH:0
BRDA:59,0,0,0
BRDA:91,1,0,0
BRDA:91,1,1,0
BRDA:92,2,0,0
BRDA:92,2,1,0
BRDA:93,3,0,0
BRDA:93,3,1,0
BRDA:94,4,0,0
BRDA:94,4,1,0
BRDA:95,5,0,0
BRDA:95,5,1,0
BRDA:96,6,0,0
BRDA:96,6,1,0
BRDA:107,7,0,0
BRDA:112,8,0,0
BRDA:112,8,1,0
BRDA:117,9,0,0
BRDA:117,9,1,0
BRDA:121,10,0,0
BRDA:121,10,1,0
BRDA:121,11,0,0
BRDA:121,11,1,0
BRDA:125,12,0,0
BRDA:125,12,1,0
BRDA:125,12,2,0
BRDA:131,13,0,0
BRDA:131,13,1,0
BRDA:137,14,0,0
BRDA:137,14,1,0
BRDA:159,15,0,0
BRDA:159,15,1,0
BRDA:228,16,0,0
BRDA:228,16,1,0
BRDA:233,17,0,0
BRDA:233,17,1,0
BRDA:237,18,0,0
BRDA:237,18,1,0
BRDA:246,19,0,0
BRDA:246,19,1,0
BRDA:251,20,0,0
BRDA:251,20,1,0
BRDA:255,21,0,0
BRDA:255,21,1,0
BRDA:278,22,0,0
BRDA:278,22,1,0
BRDA:291,23,0,0
BRDA:291,23,1,0
BRDA:304,24,0,0
BRDA:304,24,1,0
BRDA:315,25,0,0
BRDA:315,25,1,0
BRF:51
BRH:0
end_of_record
TN:
SF:src\components\os\OSCard.js
FN:69,OSCard
FN:79,(anonymous_1)
FN:89,(anonymous_2)
FN:94,(anonymous_3)
FN:100,(anonymous_4)
FN:107,(anonymous_5)
FN:160,(anonymous_6)
FN:164,(anonymous_7)
FN:191,(anonymous_8)
FNF:9
FNH:0
FNDA:0,OSCard
FNDA:0,(anonymous_1)
FNDA:0,(anonymous_2)
FNDA:0,(anonymous_3)
FNDA:0,(anonymous_4)
FNDA:0,(anonymous_5)
FNDA:0,(anonymous_6)
FNDA:0,(anonymous_7)
FNDA:0,(anonymous_8)
DA:11,0
DA:62,0
DA:76,0
DA:77,0
DA:79,0
DA:80,0
DA:81,0
DA:82,0
DA:89,0
DA:90,0
DA:91,0
DA:94,0
DA:95,0
DA:96,0
DA:97,0
DA:100,0
DA:101,0
DA:102,0
DA:103,0
DA:104,0
DA:107,0
DA:108,0
DA:110,0
DA:113,0
DA:116,0
DA:123,0
DA:125,0
DA:132,0
DA:136,0
DA:137,0
DA:144,0
DA:145,0
DA:152,0
DA:158,0
DA:161,0
DA:164,0
DA:183,0
DA:191,0
DA:318,0
LF:39
LH:0
BRDA:73,0,0,0
BRDA:74,1,0,0
BRDA:76,2,0,0
BRDA:76,2,1,0
BRDA:77,3,0,0
BRDA:77,3,1,0
BRDA:80,4,0,0
BRDA:80,4,1,0
BRDA:90,5,0,0
BRDA:90,5,1,0
BRDA:95,6,0,0
BRDA:95,6,1,0
BRDA:101,7,0,0
BRDA:101,7,1,0
BRDA:104,8,0,0
BRDA:104,8,1,0
BRDA:108,9,0,0
BRDA:108,9,1,0
BRDA:113,10,0,0
BRDA:113,10,1,0
BRDA:113,10,2,0
BRDA:136,11,0,0
BRDA:136,11,1,0
BRDA:144,12,0,0
BRDA:144,12,1,0
BRDA:169,13,0,0
BRDA:169,13,1,0
BRDA:170,14,0,0
BRDA:170,14,1,0
BRDA:172,15,0,0
BRDA:172,15,1,0
BRDA:187,16,0,0
BRDA:187,16,1,0
BRDA:188,17,0,0
BRDA:188,17,1,0
BRDA:189,18,0,0
BRDA:189,18,1,0
BRDA:198,19,0,0
BRDA:198,19,1,0
BRDA:198,19,2,0
BRDA:235,20,0,0
BRDA:235,20,1,0
BRDA:243,21,0,0
BRDA:243,21,1,0
BRDA:253,22,0,0
BRDA:253,22,1,0
BRDA:256,23,0,0
BRDA:256,23,1,0
BRDA:258,24,0,0
BRDA:258,24,1,0
BRDA:262,25,0,0
BRDA:262,25,1,0
BRDA:265,26,0,0
BRDA:265,26,1,0
BRDA:271,27,0,0
BRDA:271,27,1,0
BRDA:283,28,0,0
BRDA:283,28,1,0
BRDA:283,28,2,0
BRDA:290,29,0,0
BRDA:290,29,1,0
BRDA:297,30,0,0
BRDA:297,30,1,0
BRDA:309,31,0,0
BRDA:309,31,1,0
BRF:65
BRH:0
end_of_record
TN:
SF:src\components\os\SearchBar.js
FN:20,SearchBar
FN:33,(anonymous_1)
FN:38,(anonymous_2)
FN:41,(anonymous_3)
FN:44,(anonymous_4)
FN:49,(anonymous_5)
FN:52,(anonymous_6)
FN:66,(anonymous_7)
FN:72,(anonymous_8)
FN:116,(anonymous_9)
FN:125,(anonymous_10)
FN:140,(anonymous_11)
FN:152,(anonymous_12)
FNF:13
FNH:0
FNDA:0,SearchBar
FNDA:0,(anonymous_1)
FNDA:0,(anonymous_2)
FNDA:0,(anonymous_3)
FNDA:0,(anonymous_4)
FNDA:0,(anonymous_5)
FNDA:0,(anonymous_6)
FNDA:0,(anonymous_7)
FNDA:0,(anonymous_8)
FNDA:0,(anonymous_9)
FNDA:0,(anonymous_10)
FNDA:0,(anonymous_11)
FNDA:0,(anonymous_12)
DA:13,0
DA:30,0
DA:31,0
DA:33,0
DA:34,0
DA:35,0
DA:38,0
DA:39,0
DA:41,0
DA:44,0
DA:45,0
DA:46,0
DA:49,0
DA:50,0
DA:52,0
DA:66,0
DA:67,0
DA:72,0
DA:88,0
DA:116,0
DA:140,0
DA:152,0
DA:162,0
LF:23
LH:0
BRDA:24,0,0,0
BRDA:25,1,0,0
BRDA:26,2,0,0
BRDA:27,3,0,0
BRDA:55,4,0,0
BRDA:55,4,1,0
BRDA:60,5,0,0
BRDA:60,5,1,0
BRDA:70,6,0,0
BRDA:70,6,1,0
BRDA:77,7,0,0
BRDA:77,7,1,0
BRDA:81,8,0,0
BRDA:81,8,1,0
BRDA:93,9,0,0
BRDA:93,9,1,0
BRDA:98,10,0,0
BRDA:98,10,1,0
BRDA:114,11,0,0
BRDA:114,11,1,0
BRDA:134,12,0,0
BRDA:134,12,1,0
BRDA:148,13,0,0
BRDA:148,13,1,0
BRDA:148,13,2,0
BRF:25
BRH:0
end_of_record
TN:
SF:src\navigation\AppNavigator.js
FN:39,MainTabNavigator
FN:42,(anonymous_1)
FN:43,(anonymous_2)
FN:126,AuthNavigator
FN:161,AppNavigator
FN:261,RootNavigator
FNF:6
FNH:0
FNDA:0,MainTabNavigator
FNDA:0,(anonymous_1)
FNDA:0,(anonymous_2)
FNDA:0,AuthNavigator
FNDA:0,AppNavigator
FNDA:0,RootNavigator
DA:33,0
DA:34,0
DA:40,0
DA:42,0
DA:46,0
DA:48,0
DA:49,0
DA:51,0
DA:52,0
DA:54,0
DA:55,0
DA:57,0
DA:58,0
DA:60,0
DA:63,0
DA:127,0
DA:162,0
DA:262,0
DA:264,0
LF:19
LH:0
BRDA:46,0,0,0
BRDA:46,0,1,0
BRDA:46,0,2,0
BRDA:46,0,3,0
BRDA:46,0,4,0
BRDA:264,1,0,0
BRDA:264,1,1,0
BRF:7
BRH:0
end_of_record
TN:
SF:src\screens\placeholders.js
FN:7,AgendaDetailsScreen
FN:16,ProfileScreen
FN:25,SettingsScreen
FN:34,OfflineScreen
FN:43,CameraScreen
FN:52,SignatureScreen
FNF:6
FNH:0
FNDA:0,AgendaDetailsScreen
FNDA:0,ProfileScreen
FNDA:0,SettingsScreen
FNDA:0,OfflineScreen
FNDA:0,CameraScreen
FNDA:0,SignatureScreen
DA:8,0
DA:17,0
DA:26,0
DA:35,0
DA:44,0
DA:53,0
DA:61,0
LF:7
LH:0
BRF:0
BRH:0
end_of_record
TN:
SF:src\screens\agenda\AgendaScreen.js
FN:50,AgendaScreen
FN:65,(anonymous_1)
FN:71,(anonymous_2)
FN:76,(anonymous_3)
FN:86,(anonymous_4)
FN:92,(anonymous_5)
FN:93,(anonymous_6)
FN:98,(anonymous_7)
FN:107,(anonymous_8)
FN:117,(anonymous_9)
FN:142,(anonymous_10)
FN:147,(anonymous_11)
FN:157,(anonymous_12)
FN:167,(anonymous_13)
FN:171,(anonymous_14)
FN:175,(anonymous_15)
FN:178,(anonymous_16)
FN:185,(anonymous_17)
FN:189,(anonymous_18)
FN:231,(anonymous_19)
FN:239,(anonymous_20)
FN:327,(anonymous_21)
FNF:22
FNH:1
FNDA:6,AgendaScreen
FNDA:0,(anonymous_1)
FNDA:0,(anonymous_2)
FNDA:0,(anonymous_3)
FNDA:0,(anonymous_4)
FNDA:0,(anonymous_5)
FNDA:0,(anonymous_6)
FNDA:0,(anonymous_7)
FNDA:0,(anonymous_8)
FNDA:0,(anonymous_9)
FNDA:0,(anonymous_10)
FNDA:0,(anonymous_11)
FNDA:0,(anonymous_12)
FNDA:0,(anonymous_13)
FNDA:0,(anonymous_14)
FNDA:0,(anonymous_15)
FNDA:0,(anonymous_16)
FNDA:0,(anonymous_17)
FNDA:0,(anonymous_18)
FNDA:0,(anonymous_19)
FNDA:0,(anonymous_20)
FNDA:0,(anonymous_21)
DA:32,1
DA:48,1
DA:51,6
DA:52,6
DA:53,6
DA:54,0
DA:55,0
DA:56,0
DA:57,0
DA:59,0
DA:60,0
DA:61,0
DA:64,0
DA:66,0
DA:71,0
DA:72,0
DA:73,0
DA:76,0
DA:77,0
DA:78,0
DA:80,0
DA:81,0
DA:86,0
DA:87,0
DA:88,0
DA:89,0
DA:92,0
DA:93,0
DA:94,0
DA:98,0
DA:99,0
DA:100,0
DA:101,0
DA:104,0
DA:107,0
DA:108,0
DA:111,0
DA:117,0
DA:118,0
DA:119,0
DA:121,0
DA:123,0
DA:131,0
DA:139,0
DA:142,0
DA:143,0
DA:144,0
DA:147,0
DA:148,0
DA:149,0
DA:150,0
DA:151,0
DA:152,0
DA:153,0
DA:157,0
DA:158,0
DA:159,0
DA:160,0
DA:161,0
DA:162,0
DA:163,0
DA:167,0
DA:168,0
DA:171,0
DA:172,0
DA:175,0
DA:176,0
DA:180,0
DA:185,0
DA:186,0
DA:189,0
DA:239,0
DA:240,0
DA:252,0
DA:253,0
DA:261,0
DA:328,0
DA:349,1
LF:78
LH:6
BRDA:80,0,0,0
BRDA:80,0,1,0
BRDA:99,1,0,0
BRDA:99,1,1,0
BRDA:100,2,0,0
BRDA:100,2,1,0
BRDA:118,3,0,0
BRDA:118,3,1,0
BRDA:121,4,0,0
BRDA:121,4,1,0
BRDA:143,5,0,0
BRDA:143,5,1,0
BRDA:148,6,0,0
BRDA:148,6,1,0
BRDA:148,6,2,0
BRDA:148,6,3,0
BRDA:148,6,4,0
BRDA:158,7,0,0
BRDA:158,7,1,0
BRDA:158,7,2,0
BRDA:158,7,3,0
BRDA:158,7,4,0
BRDA:187,8,0,0
BRDA:187,8,1,0
BRDA:212,9,0,0
BRDA:212,9,1,0
BRDA:221,10,0,0
BRDA:221,10,1,0
BRDA:252,11,0,0
BRDA:252,11,1,0
BRDA:252,12,0,0
BRDA:252,12,1,0
BRDA:264,13,0,0
BRDA:264,13,1,0
BRDA:321,14,0,0
BRDA:321,14,1,0
BRDA:325,15,0,0
BRDA:325,15,1,0
BRF:38
BRH:0
end_of_record
TN:
SF:src\screens\agenda\AppointmentDetailsScreen.js
FN:59,AppointmentDetailsScreen
FN:67,(anonymous_1)
FN:71,(anonymous_2)
FN:95,(anonymous_3)
FN:99,(anonymous_4)
FN:105,(anonymous_5)
FN:120,(anonymous_6)
FN:125,(anonymous_7)
FN:134,(anonymous_8)
FN:154,(anonymous_9)
FN:163,(anonymous_10)
FN:174,(anonymous_11)
FN:196,(anonymous_12)
FN:206,(anonymous_13)
FN:212,(anonymous_14)
FN:223,(anonymous_15)
FN:232,(anonymous_16)
FN:237,(anonymous_17)
FN:257,(anonymous_18)
FN:267,(anonymous_19)
FN:278,(anonymous_20)
FN:307,(anonymous_21)
FN:445,(anonymous_22)
FNF:23
FNH:0
FNDA:0,AppointmentDetailsScreen
FNDA:0,(anonymous_1)
FNDA:0,(anonymous_2)
FNDA:0,(anonymous_3)
FNDA:0,(anonymous_4)
FNDA:0,(anonymous_5)
FNDA:0,(anonymous_6)
FNDA:0,(anonymous_7)
FNDA:0,(anonymous_8)
FNDA:0,(anonymous_9)
FNDA:0,(anonymous_10)
FNDA:0,(anonymous_11)
FNDA:0,(anonymous_12)
FNDA:0,(anonymous_13)
FNDA:0,(anonymous_14)
FNDA:0,(anonymous_15)
FNDA:0,(anonymous_16)
FNDA:0,(anonymous_17)
FNDA:0,(anonymous_18)
FNDA:0,(anonymous_19)
FNDA:0,(anonymous_20)
FNDA:0,(anonymous_21)
FNDA:0,(anonymous_22)
DA:24,0
DA:52,0
DA:60,0
DA:61,0
DA:63,0
DA:64,0
DA:65,0
DA:67,0
DA:69,0
DA:72,0
DA:92,0
DA:95,0
DA:96,0
DA:100,0
DA:105,0
DA:106,0
DA:120,0
DA:121,0
DA:122,0
DA:123,0
DA:124,0
DA:125,0
DA:128,0
DA:130,0
DA:134,0
DA:135,0
DA:136,0
DA:137,0
DA:143,0
DA:144,0
DA:146,0
DA:148,0
DA:150,0
DA:154,0
DA:155,0
DA:156,0
DA:157,0
DA:159,0
DA:163,0
DA:164,0
DA:165,0
DA:166,0
DA:168,0
DA:170,0
DA:174,0
DA:175,0
DA:186,0
DA:187,0
DA:192,0
DA:196,0
DA:197,0
DA:198,0
DA:199,0
DA:200,0
DA:202,0
DA:206,0
DA:207,0
DA:208,0
DA:209,0
DA:212,0
DA:213,0
DA:214,0
DA:215,0
DA:217,0
DA:218,0
DA:219,0
DA:223,0
DA:224,0
DA:229,0
DA:232,0
DA:233,0
DA:234,0
DA:237,0
DA:238,0
DA:257,0
DA:258,0
DA:259,0
DA:267,0
DA:268,0
DA:269,0
DA:278,0
DA:279,0
DA:307,0
DA:326,0
DA:327,0
DA:335,0
DA:445,0
DA:460,0
LF:88
LH:0
BRDA:76,0,0,0
BRDA:76,0,1,0
BRDA:84,1,0,0
BRDA:84,1,1,0
BRDA:155,2,0,0
BRDA:155,2,1,0
BRDA:164,3,0,0
BRDA:164,3,1,0
BRDA:178,4,0,0
BRDA:178,4,1,0
BRDA:179,5,0,0
BRDA:179,5,1,0
BRDA:180,6,0,0
BRDA:180,6,1,0
BRDA:182,7,0,0
BRDA:182,7,1,0
BRDA:183,8,0,0
BRDA:183,8,1,0
BRDA:197,9,0,0
BRDA:197,9,1,0
BRDA:213,10,0,0
BRDA:213,10,1,0
BRDA:214,11,0,0
BRDA:214,11,1,0
BRDA:219,12,0,0
BRDA:219,12,1,0
BRDA:234,13,0,0
BRDA:234,13,1,0
BRDA:234,13,2,0
BRDA:237,14,0,0
BRDA:239,15,0,0
BRDA:239,15,1,0
BRDA:242,16,0,0
BRDA:242,16,1,0
BRDA:251,17,0,0
BRDA:251,17,1,0
BRDA:251,17,2,0
BRDA:258,18,0,0
BRDA:258,18,1,0
BRDA:268,19,0,0
BRDA:268,19,1,0
BRDA:283,20,0,0
BRDA:283,20,1,0
BRDA:290,21,0,0
BRDA:290,21,1,0
BRDA:297,22,0,0
BRDA:297,22,1,0
BRDA:304,23,0,0
BRDA:304,23,1,0
BRDA:310,24,0,0
BRDA:310,24,1,0
BRDA:316,25,0,0
BRDA:316,25,1,0
BRDA:317,26,0,0
BRDA:317,26,1,0
BRDA:318,27,0,0
BRDA:318,27,1,0
BRDA:326,28,0,0
BRDA:326,28,1,0
BRDA:369,29,0,0
BRDA:369,29,1,0
BRDA:377,30,0,0
BRDA:377,30,1,0
BRDA:385,31,0,0
BRDA:385,31,1,0
BRDA:395,32,0,0
BRDA:395,32,1,0
BRDA:395,32,2,0
BRDA:399,33,0,0
BRDA:399,33,1,0
BRDA:406,34,0,0
BRDA:406,34,1,0
BRDA:440,35,0,0
BRDA:440,35,1,0
BRDA:440,35,2,0
BRDA:442,36,0,0
BRDA:442,36,1,0
BRF:77
BRH:0
end_of_record
TN:
SF:src\screens\agenda\CreateAppointmentScreen.js
FN:52,CreateAppointmentScreen
FN:82,(anonymous_1)
FN:106,(anonymous_2)
FN:118,(anonymous_3)
FN:119,(anonymous_4)
FN:123,(anonymous_5)
FN:127,(anonymous_6)
FN:168,(anonymous_7)
FN:173,(anonymous_8)
FN:178,(anonymous_9)
FN:205,(anonymous_10)
FN:212,(anonymous_11)
FN:219,(anonymous_12)
FN:233,(anonymous_13)
FN:278,(anonymous_14)
FN:287,(anonymous_15)
FN:313,(anonymous_16)
FN:323,(anonymous_17)
FN:334,(anonymous_18)
FN:341,(anonymous_19)
FN:348,(anonymous_20)
FN:360,(anonymous_21)
FN:370,(anonymous_22)
FN:381,(anonymous_23)
FN:400,(anonymous_24)
FN:412,(anonymous_25)
FN:421,(anonymous_26)
FN:436,(anonymous_27)
FN:447,(anonymous_28)
FN:458,(anonymous_29)
FN:487,(anonymous_30)
FNF:31
FNH:0
FNDA:0,CreateAppointmentScreen
FNDA:0,(anonymous_1)
FNDA:0,(anonymous_2)
FNDA:0,(anonymous_3)
FNDA:0,(anonymous_4)
FNDA:0,(anonymous_5)
FNDA:0,(anonymous_6)
FNDA:0,(anonymous_7)
FNDA:0,(anonymous_8)
FNDA:0,(anonymous_9)
FNDA:0,(anonymous_10)
FNDA:0,(anonymous_11)
FNDA:0,(anonymous_12)
FNDA:0,(anonymous_13)
FNDA:0,(anonymous_14)
FNDA:0,(anonymous_15)
FNDA:0,(anonymous_16)
FNDA:0,(anonymous_17)
FNDA:0,(anonymous_18)
FNDA:0,(anonymous_19)
FNDA:0,(anonymous_20)
FNDA:0,(anonymous_21)
FNDA:0,(anonymous_22)
FNDA:0,(anonymous_23)
FNDA:0,(anonymous_24)
FNDA:0,(anonymous_25)
FNDA:0,(anonymous_26)
FNDA:0,(anonymous_27)
FNDA:0,(anonymous_28)
FNDA:0,(anonymous_29)
FNDA:0,(anonymous_30)
DA:27,0
DA:37,0
DA:45,0
DA:53,0
DA:54,0
DA:57,0
DA:60,0
DA:78,0
DA:79,0
DA:80,0
DA:82,0
DA:83,0
DA:85,0
DA:104,0
DA:107,0
DA:118,0
DA:119,0
DA:122,0
DA:123,0
DA:127,0
DA:128,0
DA:130,0
DA:131,0
DA:134,0
DA:135,0
DA:138,0
DA:139,0
DA:142,0
DA:143,0
DA:147,0
DA:148,0
DA:149,0
DA:150,0
DA:155,0
DA:156,0
DA:160,0
DA:161,0
DA:164,0
DA:165,0
DA:168,0
DA:169,0
DA:170,0
DA:173,0
DA:174,0
DA:175,0
DA:178,0
DA:179,0
DA:180,0
DA:181,0
DA:184,0
DA:185,0
DA:191,0
DA:192,0
DA:193,0
DA:195,0
DA:196,0
DA:199,0
DA:201,0
DA:205,0
DA:206,0
DA:207,0
DA:208,0
DA:212,0
DA:213,0
DA:214,0
DA:215,0
DA:219,0
DA:221,0
DA:224,0
DA:225,0
DA:226,0
DA:227,0
DA:229,0
DA:233,0
DA:243,0
DA:245,0
DA:278,0
DA:279,0
DA:288,0
DA:300,0
DA:313,0
DA:323,0
DA:334,0
DA:341,0
DA:348,0
DA:360,0
DA:370,0
DA:381,0
DA:400,0
DA:412,0
DA:421,0
DA:436,0
DA:447,0
DA:458,0
DA:487,0
DA:520,0
LF:96
LH:0
BRDA:57,0,0,0
BRDA:57,1,0,0
BRDA:57,1,1,0
BRDA:70,2,0,0
BRDA:70,2,1,0
BRDA:83,3,0,0
BRDA:83,3,1,0
BRDA:83,4,0,0
BRDA:83,4,1,0
BRDA:86,5,0,0
BRDA:86,5,1,0
BRDA:87,6,0,0
BRDA:87,6,1,0
BRDA:88,7,0,0
BRDA:88,7,1,0
BRDA:89,8,0,0
BRDA:89,8,1,0
BRDA:90,9,0,0
BRDA:90,9,1,0
BRDA:91,10,0,0
BRDA:91,10,1,0
BRDA:92,11,0,0
BRDA:92,11,1,0
BRDA:93,12,0,0
BRDA:93,12,1,0
BRDA:94,13,0,0
BRDA:94,13,1,0
BRDA:95,14,0,0
BRDA:95,14,1,0
BRDA:96,15,0,0
BRDA:96,15,1,0
BRDA:97,16,0,0
BRDA:97,16,1,0
BRDA:98,17,0,0
BRDA:98,17,1,0
BRDA:99,18,0,0
BRDA:99,18,1,0
BRDA:105,19,0,0
BRDA:105,19,1,0
BRDA:111,20,0,0
BRDA:111,20,1,0
BRDA:122,21,0,0
BRDA:122,21,1,0
BRDA:130,22,0,0
BRDA:130,22,1,0
BRDA:134,23,0,0
BRDA:134,23,1,0
BRDA:138,24,0,0
BRDA:138,24,1,0
BRDA:142,25,0,0
BRDA:142,25,1,0
BRDA:147,26,0,0
BRDA:147,26,1,0
BRDA:149,27,0,0
BRDA:149,27,1,0
BRDA:155,28,0,0
BRDA:155,28,1,0
BRDA:155,29,0,0
BRDA:155,29,1,0
BRDA:160,30,0,0
BRDA:160,30,1,0
BRDA:160,31,0,0
BRDA:160,31,1,0
BRDA:179,32,0,0
BRDA:179,32,1,0
BRDA:187,33,0,0
BRDA:187,33,1,0
BRDA:191,34,0,0
BRDA:191,34,1,0
BRDA:201,35,0,0
BRDA:201,35,1,0
BRDA:207,36,0,0
BRDA:207,36,1,0
BRDA:214,37,0,0
BRDA:214,37,1,0
BRDA:224,38,0,0
BRDA:224,38,1,0
BRDA:226,39,0,0
BRDA:226,39,1,0
BRDA:233,40,0,0
BRDA:240,41,0,0
BRDA:251,42,0,0
BRDA:251,42,1,0
BRDA:252,43,0,0
BRDA:252,43,1,0
BRDA:256,44,0,0
BRDA:256,44,1,0
BRDA:259,45,0,0
BRDA:259,45,1,0
BRDA:269,46,0,0
BRDA:269,46,1,0
BRDA:273,47,0,0
BRDA:273,47,1,0
BRDA:281,48,0,0
BRDA:281,48,1,0
BRDA:296,49,0,0
BRDA:296,49,1,0
BRDA:303,50,0,0
BRDA:303,50,1,0
BRDA:421,51,0,0
BRDA:421,51,1,0
BRDA:458,52,0,0
BRDA:458,52,1,0
BRDA:473,53,0,0
BRDA:473,53,1,0
BRDA:479,54,0,0
BRDA:479,54,1,0
BRDA:497,55,0,0
BRDA:497,55,1,0
BRDA:508,56,0,0
BRDA:508,56,1,0
BRF:111
BRH:0
end_of_record
TN:
SF:src\screens\auth\BiometricSetupScreen.js
FN:17,BiometricSetupScreen
FN:23,(anonymous_1)
FN:28,(anonymous_2)
FN:52,(anonymous_3)
FN:61,(anonymous_4)
FN:69,(anonymous_5)
FN:81,(anonymous_6)
FN:105,(anonymous_7)
FN:118,(anonymous_8)
FN:133,(anonymous_9)
FN:152,(anonymous_10)
FN:161,(anonymous_11)
FN:177,(anonymous_12)
FN:184,(anonymous_13)
FNF:14
FNH:0
FNDA:0,BiometricSetupScreen
FNDA:0,(anonymous_1)
FNDA:0,(anonymous_2)
FNDA:0,(anonymous_3)
FNDA:0,(anonymous_4)
FNDA:0,(anonymous_5)
FNDA:0,(anonymous_6)
FNDA:0,(anonymous_7)
FNDA:0,(anonymous_8)
FNDA:0,(anonymous_9)
FNDA:0,(anonymous_10)
FNDA:0,(anonymous_11)
FNDA:0,(anonymous_12)
FNDA:0,(anonymous_13)
DA:18,0
DA:19,0
DA:20,0
DA:21,0
DA:23,0
DA:24,0
DA:25,0
DA:28,0
DA:29,0
DA:30,0
DA:31,0
DA:32,0
DA:34,0
DA:35,0
DA:38,0
DA:39,0
DA:40,0
DA:41,0
DA:42,0
DA:43,0
DA:45,0
DA:48,0
DA:52,0
DA:53,0
DA:54,0
DA:55,0
DA:57,0
DA:61,0
DA:62,0
DA:63,0
DA:65,0
DA:69,0
DA:70,0
DA:72,0
DA:74,0
DA:75,0
DA:81,0
DA:85,0
DA:89,0
DA:95,0
DA:96,0
DA:97,0
DA:99,0
DA:105,0
DA:110,0
DA:113,0
DA:114,0
DA:118,0
DA:119,0
DA:120,0
DA:121,0
DA:123,0
DA:128,0
DA:129,0
DA:133,0
DA:134,0
DA:135,0
DA:141,0
DA:142,0
DA:144,0
DA:147,0
DA:148,0
DA:152,0
DA:153,0
DA:162,0
DA:163,0
DA:164,0
DA:165,0
DA:166,0
DA:168,0
DA:169,0
DA:177,0
DA:178,0
DA:179,0
DA:180,0
DA:181,0
DA:184,0
DA:185,0
DA:186,0
DA:187,0
DA:188,0
DA:191,0
DA:193,0
DA:314,0
LF:84
LH:0
BRDA:38,0,0,0
BRDA:38,0,1,0
BRDA:40,1,0,0
BRDA:40,1,1,0
BRDA:42,2,0,0
BRDA:42,2,1,0
BRDA:62,3,0,0
BRDA:62,3,1,0
BRDA:74,4,0,0
BRDA:74,4,1,0
BRDA:95,5,0,0
BRDA:95,5,1,0
BRDA:141,6,0,0
BRDA:141,6,1,0
BRDA:178,7,0,0
BRDA:178,7,1,0
BRDA:179,8,0,0
BRDA:179,8,1,0
BRDA:180,9,0,0
BRDA:180,9,1,0
BRDA:185,10,0,0
BRDA:185,10,1,0
BRDA:186,11,0,0
BRDA:186,11,1,0
BRDA:187,12,0,0
BRDA:187,12,1,0
BRDA:215,13,0,0
BRDA:215,13,1,0
BRDA:215,13,2,0
BRDA:231,14,0,0
BRDA:231,14,1,0
BRDA:239,15,0,0
BRDA:239,15,1,0
BRDA:239,15,2,0
BRDA:239,15,3,0
BRDA:246,16,0,0
BRDA:246,16,1,0
BRDA:277,17,0,0
BRDA:277,17,1,0
BRDA:277,18,0,0
BRDA:277,18,1,0
BRDA:283,19,0,0
BRDA:283,19,1,0
BRDA:285,20,0,0
BRDA:285,20,1,0
BRDA:294,21,0,0
BRDA:294,21,1,0
BRDA:296,22,0,0
BRDA:296,22,1,0
BRDA:303,23,0,0
BRDA:303,23,1,0
BRF:51
BRH:0
end_of_record
TN:
SF:src\screens\auth\LoginScreen.js
FN:22,LoginScreen
FN:36,(anonymous_1)
FN:41,(anonymous_2)
FN:51,(anonymous_3)
FN:60,(anonymous_4)
FN:61,(anonymous_5)
FN:67,(anonymous_6)
FN:87,(anonymous_7)
FN:97,(anonymous_8)
FN:150,(anonymous_9)
FN:165,(anonymous_10)
FN:173,(anonymous_11)
FN:221,(anonymous_12)
FNF:13
FNH:0
FNDA:0,LoginScreen
FNDA:0,(anonymous_1)
FNDA:0,(anonymous_2)
FNDA:0,(anonymous_3)
FNDA:0,(anonymous_4)
FNDA:0,(anonymous_5)
FNDA:0,(anonymous_6)
FNDA:0,(anonymous_7)
FNDA:0,(anonymous_8)
FNDA:0,(anonymous_9)
FNDA:0,(anonymous_10)
FNDA:0,(anonymous_11)
FNDA:0,(anonymous_12)
DA:23,0
DA:24,0
DA:25,0
DA:27,0
DA:31,0
DA:32,0
DA:33,0
DA:36,0
DA:37,0
DA:38,0
DA:41,0
DA:42,0
DA:43,0
DA:44,0
DA:45,0
DA:47,0
DA:51,0
DA:52,0
DA:53,0
DA:54,0
DA:56,0
DA:60,0
DA:61,0
DA:67,0
DA:68,0
DA:69,0
DA:70,0
DA:73,0
DA:74,0
DA:76,0
DA:78,0
DA:79,0
DA:83,0
DA:87,0
DA:88,0
DA:90,0
DA:91,0
DA:92,0
DA:97,0
DA:100,0
DA:104,0
DA:110,0
DA:111,0
DA:112,0
DA:113,0
DA:116,0
DA:117,0
DA:121,0
DA:123,0
DA:150,0
DA:165,0
DA:173,0
DA:221,0
DA:241,0
LF:54
LH:0
BRDA:45,0,0,0
BRDA:45,0,1,0
BRDA:68,1,0,0
BRDA:68,1,1,0
BRDA:68,2,0,0
BRDA:68,2,1,0
BRDA:76,3,0,0
BRDA:76,3,1,0
BRDA:78,4,0,0
BRDA:78,4,1,0
BRDA:83,5,0,0
BRDA:83,5,1,0
BRDA:91,6,0,0
BRDA:91,6,1,0
BRDA:110,7,0,0
BRDA:110,7,1,0
BRDA:126,8,0,0
BRDA:126,8,1,0
BRDA:177,9,0,0
BRDA:177,9,1,0
BRDA:185,10,0,0
BRDA:185,10,1,0
BRDA:194,11,0,0
BRDA:194,11,1,0
BRDA:198,12,0,0
BRDA:198,12,1,0
BRDA:206,13,0,0
BRDA:206,13,1,0
BRDA:206,13,2,0
BRDA:218,14,0,0
BRDA:218,14,1,0
BRDA:218,14,2,0
BRF:32
BRH:0
end_of_record
TN:
SF:src\screens\dashboard\DashboardScreen.js
FN:32,DashboardScreen
FN:45,(anonymous_1)
FN:46,(anonymous_2)
FN:50,(anonymous_3)
FN:55,(anonymous_4)
FN:60,(anonymous_5)
FN:71,(anonymous_6)
FN:77,(anonymous_7)
FN:84,(anonymous_8)
FN:92,(anonymous_9)
FN:99,(anonymous_10)
FN:118,(anonymous_11)
FN:134,(anonymous_12)
FN:137,(anonymous_13)
FN:147,(anonymous_14)
FN:151,(anonymous_15)
FN:219,(anonymous_16)
FN:226,(anonymous_17)
FN:233,(anonymous_18)
FN:240,(anonymous_19)
FN:281,(anonymous_20)
FN:286,(anonymous_21)
FNF:22
FNH:0
FNDA:0,DashboardScreen
FNDA:0,(anonymous_1)
FNDA:0,(anonymous_2)
FNDA:0,(anonymous_3)
FNDA:0,(anonymous_4)
FNDA:0,(anonymous_5)
FNDA:0,(anonymous_6)
FNDA:0,(anonymous_7)
FNDA:0,(anonymous_8)
FNDA:0,(anonymous_9)
FNDA:0,(anonymous_10)
FNDA:0,(anonymous_11)
FNDA:0,(anonymous_12)
FNDA:0,(anonymous_13)
FNDA:0,(anonymous_14)
FNDA:0,(anonymous_15)
FNDA:0,(anonymous_16)
FNDA:0,(anonymous_17)
FNDA:0,(anonymous_18)
FNDA:0,(anonymous_19)
FNDA:0,(anonymous_20)
FNDA:0,(anonymous_21)
DA:30,0
DA:33,0
DA:34,0
DA:35,0
DA:36,0
DA:37,0
DA:38,0
DA:39,0
DA:41,0
DA:42,0
DA:45,0
DA:46,0
DA:47,0
DA:50,0
DA:54,0
DA:56,0
DA:60,0
DA:61,0
DA:62,0
DA:67,0
DA:71,0
DA:72,0
DA:73,0
DA:74,0
DA:77,0
DA:78,0
DA:79,0
DA:80,0
DA:81,0
DA:84,0
DA:85,0
DA:92,0
DA:93,0
DA:99,0
DA:100,0
DA:102,0
DA:103,0
DA:105,0
DA:106,0
DA:108,0
DA:109,0
DA:111,0
DA:112,0
DA:114,0
DA:118,0
DA:119,0
DA:134,0
DA:135,0
DA:137,0
DA:147,0
DA:148,0
DA:151,0
DA:171,0
DA:219,0
DA:226,0
DA:233,0
DA:240,0
DA:281,0
DA:286,0
DA:308,0
LF:60
LH:0
BRDA:79,0,0,0
BRDA:79,0,1,0
BRDA:80,1,0,0
BRDA:80,1,1,0
BRDA:100,2,0,0
BRDA:100,2,1,0
BRDA:100,2,2,0
BRDA:100,2,3,0
BRDA:100,2,4,0
BRDA:165,3,0,0
BRDA:165,3,1,0
BRDA:188,4,0,0
BRDA:188,4,1,0
BRDA:197,5,0,0
BRDA:197,5,1,0
BRDA:199,6,0,0
BRDA:199,6,1,0
BRDA:203,7,0,0
BRDA:203,7,1,0
BRDA:205,8,0,0
BRDA:205,8,1,0
BRDA:216,9,0,0
BRDA:216,9,1,0
BRDA:223,10,0,0
BRDA:223,10,1,0
BRDA:230,11,0,0
BRDA:230,11,1,0
BRDA:237,12,0,0
BRDA:237,12,1,0
BRDA:277,13,0,0
BRDA:277,13,1,0
BRDA:277,13,2,0
BRF:32
BRH:0
end_of_record
TN:
SF:src\screens\os\OSDetailsScreen.js
FN:77,OSDetailsScreen
FN:88,(anonymous_1)
FN:98,(anonymous_2)
FN:158,(anonymous_3)
FN:172,(anonymous_4)
FN:183,(anonymous_5)
FN:188,(anonymous_6)
FN:193,(anonymous_7)
FN:200,(anonymous_8)
FN:223,(anonymous_9)
FN:230,(anonymous_10)
FN:234,(anonymous_11)
FN:260,(anonymous_12)
FN:266,(anonymous_13)
FN:305,(anonymous_14)
FN:311,(anonymous_15)
FN:368,(anonymous_16)
FN:398,(anonymous_17)
FN:415,(anonymous_18)
FN:429,(anonymous_19)
FN:439,(anonymous_20)
FN:448,(anonymous_21)
FNF:22
FNH:0
FNDA:0,OSDetailsScreen
FNDA:0,(anonymous_1)
FNDA:0,(anonymous_2)
FNDA:0,(anonymous_3)
FNDA:0,(anonymous_4)
FNDA:0,(anonymous_5)
FNDA:0,(anonymous_6)
FNDA:0,(anonymous_7)
FNDA:0,(anonymous_8)
FNDA:0,(anonymous_9)
FNDA:0,(anonymous_10)
FNDA:0,(anonymous_11)
FNDA:0,(anonymous_12)
FNDA:0,(anonymous_13)
FNDA:0,(anonymous_14)
FNDA:0,(anonymous_15)
FNDA:0,(anonymous_16)
FNDA:0,(anonymous_17)
FNDA:0,(anonymous_18)
FNDA:0,(anonymous_19)
FNDA:0,(anonymous_20)
FNDA:0,(anonymous_21)
DA:16,0
DA:18,0
DA:78,0
DA:79,0
DA:81,0
DA:82,0
DA:88,0
DA:96,0
DA:98,0
DA:99,0
DA:101,0
DA:102,0
DA:106,0
DA:107,0
DA:110,0
DA:111,0
DA:112,0
DA:114,0
DA:115,0
DA:116,0
DA:117,0
DA:119,0
DA:122,0
DA:125,0
DA:128,0
DA:129,0
DA:130,0
DA:132,0
DA:133,0
DA:134,0
DA:135,0
DA:137,0
DA:140,0
DA:143,0
DA:147,0
DA:148,0
DA:151,0
DA:159,0
DA:165,0
DA:168,0
DA:172,0
DA:173,0
DA:174,0
DA:175,0
DA:183,0
DA:184,0
DA:185,0
DA:188,0
DA:189,0
DA:190,0
DA:193,0
DA:194,0
DA:200,0
DA:201,0
DA:223,0
DA:224,0
DA:226,0
DA:231,0
DA:236,0
DA:251,0
DA:260,0
DA:266,0
DA:305,0
DA:311,0
DA:370,0
DA:398,0
DA:415,0
DA:429,0
DA:439,0
DA:448,0
DA:459,0
LF:71
LH:0
BRDA:78,0,0,0
BRDA:78,0,1,0
BRDA:81,1,0,0
BRDA:81,1,1,0
BRDA:96,2,0,0
BRDA:96,2,1,0
BRDA:99,3,0,0
BRDA:99,3,1,0
BRDA:99,3,2,0
BRDA:99,3,3,0
BRDA:99,3,4,0
BRDA:99,3,5,0
BRDA:99,3,6,0
BRDA:110,4,0,0
BRDA:110,4,1,0
BRDA:116,5,0,0
BRDA:116,5,1,0
BRDA:128,6,0,0
BRDA:128,6,1,0
BRDA:134,7,0,0
BRDA:134,7,1,0
BRDA:173,8,0,0
BRDA:173,8,1,0
BRDA:184,9,0,0
BRDA:184,9,1,0
BRDA:189,10,0,0
BRDA:189,10,1,0
BRDA:205,11,0,0
BRDA:205,11,1,0
BRDA:212,12,0,0
BRDA:212,12,1,0
BRDA:217,13,0,0
BRDA:217,13,1,0
BRDA:224,14,0,0
BRDA:224,14,1,0
BRDA:224,15,0,0
BRDA:224,15,1,0
BRDA:299,16,0,0
BRDA:299,16,1,0
BRDA:301,17,0,0
BRDA:301,17,1,0
BRDA:307,18,0,0
BRDA:307,18,1,0
BRDA:323,19,0,0
BRDA:323,19,1,0
BRDA:330,20,0,0
BRDA:330,20,1,0
BRDA:347,21,0,0
BRDA:347,21,1,0
BRDA:356,22,0,0
BRDA:356,22,1,0
BRDA:356,22,2,0
BRDA:359,23,0,0
BRDA:359,23,1,0
BRDA:364,24,0,0
BRDA:364,24,1,0
BRDA:395,25,0,0
BRDA:395,25,1,0
BRDA:412,26,0,0
BRDA:412,26,1,0
BRDA:419,27,0,0
BRDA:419,27,1,0
BRDA:426,28,0,0
BRDA:426,28,1,0
BRDA:436,29,0,0
BRDA:436,29,1,0
BRF:66
BRH:0
end_of_record
TN:
SF:src\screens\os\OSExecutionScreen.js
FN:69,OSExecutionScreen
FN:88,(anonymous_1)
FN:97,(anonymous_2)
FN:105,(anonymous_3)
FN:117,(anonymous_4)
FN:131,(anonymous_5)
FN:159,(anonymous_6)
FN:167,(anonymous_7)
FN:181,(anonymous_8)
FN:194,(anonymous_9)
FN:198,(anonymous_10)
FN:206,(anonymous_11)
FN:219,(anonymous_12)
FN:232,(anonymous_13)
FN:239,(anonymous_14)
FN:247,(anonymous_15)
FN:255,(anonymous_16)
FN:268,(anonymous_17)
FN:279,(anonymous_18)
FN:289,(anonymous_19)
FN:291,(anonymous_20)
FN:294,(anonymous_21)
FN:301,(anonymous_22)
FN:312,(anonymous_23)
FN:313,(anonymous_24)
FN:314,(anonymous_25)
FN:316,(anonymous_26)
FN:323,(anonymous_27)
FN:335,(anonymous_28)
FN:401,(anonymous_29)
FN:459,(anonymous_30)
FN:469,(anonymous_31)
FN:473,(anonymous_32)
FN:503,(anonymous_33)
FN:504,(anonymous_34)
FNF:35
FNH:0
FNDA:0,OSExecutionScreen
FNDA:0,(anonymous_1)
FNDA:0,(anonymous_2)
FNDA:0,(anonymous_3)
FNDA:0,(anonymous_4)
FNDA:0,(anonymous_5)
FNDA:0,(anonymous_6)
FNDA:0,(anonymous_7)
FNDA:0,(anonymous_8)
FNDA:0,(anonymous_9)
FNDA:0,(anonymous_10)
FNDA:0,(anonymous_11)
FNDA:0,(anonymous_12)
FNDA:0,(anonymous_13)
FNDA:0,(anonymous_14)
FNDA:0,(anonymous_15)
FNDA:0,(anonymous_16)
FNDA:0,(anonymous_17)
FNDA:0,(anonymous_18)
FNDA:0,(anonymous_19)
FNDA:0,(anonymous_20)
FNDA:0,(anonymous_21)
FNDA:0,(anonymous_22)
FNDA:0,(anonymous_23)
FNDA:0,(anonymous_24)
FNDA:0,(anonymous_25)
FNDA:0,(anonymous_26)
FNDA:0,(anonymous_27)
FNDA:0,(anonymous_28)
FNDA:0,(anonymous_29)
FNDA:0,(anonymous_30)
FNDA:0,(anonymous_31)
FNDA:0,(anonymous_32)
FNDA:0,(anonymous_33)
FNDA:0,(anonymous_34)
DA:24,0
DA:70,0
DA:71,0
DA:73,0
DA:74,0
DA:75,0
DA:76,0
DA:77,0
DA:78,0
DA:88,0
DA:90,0
DA:91,0
DA:92,0
DA:93,0
DA:97,0
DA:98,0
DA:106,0
DA:108,0
DA:116,0
DA:117,0
DA:121,0
DA:122,0
DA:124,0
DA:131,0
DA:132,0
DA:134,0
DA:135,0
DA:139,0
DA:140,0
DA:143,0
DA:144,0
DA:147,0
DA:148,0
DA:151,0
DA:152,0
DA:155,0
DA:159,0
DA:160,0
DA:169,0
DA:176,0
DA:181,0
DA:186,0
DA:187,0
DA:194,0
DA:195,0
DA:198,0
DA:199,0
DA:208,0
DA:214,0
DA:219,0
DA:224,0
DA:225,0
DA:232,0
DA:233,0
DA:234,0
DA:239,0
DA:243,0
DA:247,0
DA:248,0
DA:256,0
DA:258,0
DA:268,0
DA:273,0
DA:279,0
DA:289,0
DA:290,0
DA:291,0
DA:294,0
DA:295,0
DA:296,0
DA:301,0
DA:302,0
DA:307,0
DA:308,0
DA:309,0
DA:312,0
DA:313,0
DA:314,0
DA:316,0
DA:317,0
DA:318,0
DA:319,0
DA:320,0
DA:323,0
DA:324,0
DA:326,0
DA:336,0
DA:337,0
DA:394,0
DA:395,0
DA:401,0
DA:409,0
DA:459,0
DA:469,0
DA:473,0
DA:504,0
DA:518,0
LF:97
LH:0
BRDA:70,0,0,0
BRDA:70,1,0,0
BRDA:70,1,1,0
BRDA:90,2,0,0
BRDA:90,2,1,0
BRDA:100,3,0,0
BRDA:100,3,1,0
BRDA:124,4,0,0
BRDA:124,4,1,0
BRDA:132,5,0,0
BRDA:132,5,1,0
BRDA:132,5,2,0
BRDA:132,5,3,0
BRDA:132,5,4,0
BRDA:132,5,5,0
BRDA:132,5,6,0
BRDA:162,6,0,0
BRDA:162,6,1,0
BRDA:233,7,0,0
BRDA:233,7,1,0
BRDA:290,8,0,0
BRDA:290,8,1,0
BRDA:295,9,0,0
BRDA:295,9,1,0
BRDA:314,10,0,0
BRDA:314,10,1,0
BRDA:317,11,0,0
BRDA:317,11,1,0
BRDA:318,12,0,0
BRDA:318,12,1,0
BRDA:319,13,0,0
BRDA:319,13,1,0
BRDA:331,14,0,0
BRDA:331,14,1,0
BRDA:332,15,0,0
BRDA:332,15,1,0
BRDA:333,16,0,0
BRDA:333,16,1,0
BRDA:336,17,0,0
BRDA:336,17,1,0
BRDA:336,18,0,0
BRDA:336,18,1,0
BRDA:346,19,0,0
BRDA:346,19,1,0
BRDA:347,20,0,0
BRDA:347,20,1,0
BRDA:350,21,0,0
BRDA:350,21,1,0
BRDA:353,22,0,0
BRDA:353,22,1,0
BRDA:354,23,0,0
BRDA:354,23,1,0
BRDA:355,24,0,0
BRDA:355,24,1,0
BRDA:364,25,0,0
BRDA:364,25,1,0
BRDA:365,26,0,0
BRDA:365,26,1,0
BRDA:366,27,0,0
BRDA:366,27,1,0
BRDA:372,28,0,0
BRDA:372,28,1,0
BRDA:378,29,0,0
BRDA:378,29,1,0
BRDA:385,30,0,0
BRDA:385,30,1,0
BRDA:394,31,0,0
BRDA:394,31,1,0
BRDA:414,32,0,0
BRDA:414,32,1,0
BRDA:418,33,0,0
BRDA:418,33,1,0
BRDA:435,34,0,0
BRDA:435,34,1,0
BRDA:439,35,0,0
BRDA:439,35,1,0
BRDA:442,36,0,0
BRDA:442,36,1,0
BRDA:453,37,0,0
BRDA:453,37,1,0
BRDA:499,38,0,0
BRDA:499,38,1,0
BRDA:507,39,0,0
BRDA:507,39,1,0
BRF:84
BRH:0
end_of_record
TN:
SF:src\screens\os\OSListScreen.js
FN:117,OSListScreen
FN:146,(anonymous_1)
FN:148,(anonymous_2)
FN:154,(anonymous_3)
FN:160,(anonymous_4)
FN:165,(anonymous_5)
FN:169,(anonymous_6)
FN:173,(anonymous_7)
FN:183,(anonymous_8)
FN:189,(anonymous_9)
FN:199,(anonymous_10)
FN:200,(anonymous_11)
FN:202,(anonymous_12)
FN:210,(anonymous_13)
FN:212,(anonymous_14)
FN:222,(anonymous_15)
FN:228,(anonymous_16)
FN:241,(anonymous_17)
FN:246,(anonymous_18)
FN:251,(anonymous_19)
FN:256,(anonymous_20)
FN:259,(anonymous_21)
FN:266,(anonymous_22)
FN:277,(anonymous_23)
FN:284,(anonymous_24)
FN:296,(anonymous_25)
FN:303,(anonymous_26)
FN:310,(anonymous_27)
FN:317,(anonymous_28)
FN:321,(anonymous_29)
FN:325,(anonymous_30)
FN:365,(anonymous_31)
FN:369,(anonymous_32)
FN:379,(anonymous_33)
FN:445,(anonymous_34)
FN:449,(anonymous_35)
FN:455,(anonymous_36)
FN:459,(anonymous_37)
FN:465,(anonymous_38)
FN:471,(anonymous_39)
FN:486,(anonymous_40)
FN:494,(anonymous_41)
FN:554,(anonymous_42)
FN:571,(anonymous_43)
FN:581,(anonymous_44)
FN:582,(anonymous_45)
FN:619,(anonymous_46)
FN:628,(anonymous_47)
FNF:48
FNH:0
FNDA:0,OSListScreen
FNDA:0,(anonymous_1)
FNDA:0,(anonymous_2)
FNDA:0,(anonymous_3)
FNDA:0,(anonymous_4)
FNDA:0,(anonymous_5)
FNDA:0,(anonymous_6)
FNDA:0,(anonymous_7)
FNDA:0,(anonymous_8)
FNDA:0,(anonymous_9)
FNDA:0,(anonymous_10)
FNDA:0,(anonymous_11)
FNDA:0,(anonymous_12)
FNDA:0,(anonymous_13)
FNDA:0,(anonymous_14)
FNDA:0,(anonymous_15)
FNDA:0,(anonymous_16)
FNDA:0,(anonymous_17)
FNDA:0,(anonymous_18)
FNDA:0,(anonymous_19)
FNDA:0,(anonymous_20)
FNDA:0,(anonymous_21)
FNDA:0,(anonymous_22)
FNDA:0,(anonymous_23)
FNDA:0,(anonymous_24)
FNDA:0,(anonymous_25)
FNDA:0,(anonymous_26)
FNDA:0,(anonymous_27)
FNDA:0,(anonymous_28)
FNDA:0,(anonymous_29)
FNDA:0,(anonymous_30)
FNDA:0,(anonymous_31)
FNDA:0,(anonymous_32)
FNDA:0,(anonymous_33)
FNDA:0,(anonymous_34)
FNDA:0,(anonymous_35)
FNDA:0,(anonymous_36)
FNDA:0,(anonymous_37)
FNDA:0,(anonymous_38)
FNDA:0,(anonymous_39)
FNDA:0,(anonymous_40)
FNDA:0,(anonymous_41)
FNDA:0,(anonymous_42)
FNDA:0,(anonymous_43)
FNDA:0,(anonymous_44)
FNDA:0,(anonymous_45)
FNDA:0,(anonymous_46)
FNDA:0,(anonymous_47)
DA:36,0
DA:118,0
DA:119,0
DA:120,0
DA:121,0
DA:122,0
DA:125,0
DA:126,0
DA:127,0
DA:128,0
DA:129,0
DA:132,0
DA:144,0
DA:146,0
DA:147,0
DA:148,0
DA:153,0
DA:155,0
DA:160,0
DA:161,0
DA:165,0
DA:166,0
DA:169,0
DA:170,0
DA:171,0
DA:173,0
DA:174,0
DA:176,0
DA:177,0
DA:178,0
DA:183,0
DA:184,0
DA:185,0
DA:186,0
DA:189,0
DA:190,0
DA:191,0
DA:192,0
DA:195,0
DA:196,0
DA:199,0
DA:200,0
DA:202,0
DA:209,0
DA:210,0
DA:212,0
DA:218,0
DA:219,0
DA:222,0
DA:223,0
DA:226,0
DA:227,0
DA:228,0
DA:229,0
DA:237,0
DA:238,0
DA:240,0
DA:241,0
DA:242,0
DA:244,0
DA:246,0
DA:247,0
DA:249,0
DA:251,0
DA:252,0
DA:254,0
DA:256,0
DA:257,0
DA:259,0
DA:260,0
DA:265,0
DA:266,0
DA:270,0
DA:271,0
DA:272,0
DA:273,0
DA:275,0
DA:277,0
DA:278,0
DA:279,0
DA:280,0
DA:282,0
DA:284,0
DA:285,0
DA:286,0
DA:287,0
DA:289,0
DA:291,0
DA:292,0
DA:293,0
DA:294,0
DA:296,0
DA:297,0
DA:298,0
DA:299,0
DA:301,0
DA:303,0
DA:304,0
DA:305,0
DA:306,0
DA:308,0
DA:310,0
DA:311,0
DA:316,0
DA:317,0
DA:320,0
DA:321,0
DA:325,0
DA:328,0
DA:330,0
DA:331,0
DA:332,0
DA:334,0
DA:335,0
DA:336,0
DA:337,0
DA:339,0
DA:340,0
DA:341,0
DA:343,0
DA:344,0
DA:345,0
DA:347,0
DA:348,0
DA:349,0
DA:351,0
DA:352,0
DA:355,0
DA:356,0
DA:358,0
DA:362,0
DA:365,0
DA:366,0
DA:369,0
DA:370,0
DA:372,0
DA:380,0
DA:381,0
DA:388,0
DA:389,0
DA:391,0
DA:397,0
DA:400,0
DA:401,0
DA:404,0
DA:405,0
DA:407,0
DA:408,0
DA:409,0
DA:410,0
DA:412,0
DA:415,0
DA:417,0
DA:420,0
DA:421,0
DA:423,0
DA:424,0
DA:425,0
DA:426,0
DA:428,0
DA:431,0
DA:433,0
DA:437,0
DA:438,0
DA:441,0
DA:445,0
DA:446,0
DA:449,0
DA:452,0
DA:455,0
DA:456,0
DA:459,0
DA:460,0
DA:461,0
DA:462,0
DA:463,0
DA:464,0
DA:465,0
DA:466,0
DA:467,0
DA:468,0
DA:471,0
DA:472,0
DA:474,0
DA:477,0
DA:478,0
DA:480,0
DA:481,0
DA:483,0
DA:484,0
DA:486,0
DA:487,0
DA:489,0
DA:490,0
DA:494,0
DA:495,0
DA:496,0
DA:497,0
DA:498,0
DA:499,0
DA:500,0
DA:501,0
DA:502,0
DA:505,0
DA:506,0
DA:514,0
DA:554,0
DA:571,0
DA:581,0
DA:583,0
DA:619,0
DA:628,0
DA:637,0
LF:213
LH:0
BRDA:119,0,0,0
BRDA:119,0,1,0
BRDA:147,1,0,0
BRDA:147,1,1,0
BRDA:177,2,0,0
BRDA:177,2,1,0
BRDA:190,3,0,0
BRDA:190,3,1,0
BRDA:190,4,0,0
BRDA:190,4,1,0
BRDA:226,5,0,0
BRDA:226,5,1,0
BRDA:229,6,0,0
BRDA:229,6,1,0
BRDA:229,6,2,0
BRDA:229,6,3,0
BRDA:237,7,0,0
BRDA:237,7,1,0
BRDA:238,8,0,0
BRDA:238,8,1,0
BRDA:238,8,2,0
BRDA:238,8,3,0
BRDA:238,8,4,0
BRDA:242,9,0,0
BRDA:242,9,1,0
BRDA:265,10,0,0
BRDA:265,10,1,0
BRDA:270,11,0,0
BRDA:270,11,1,0
BRDA:275,12,0,0
BRDA:275,12,1,0
BRDA:275,12,2,0
BRDA:275,12,3,0
BRDA:275,12,4,0
BRDA:278,13,0,0
BRDA:278,13,1,0
BRDA:285,14,0,0
BRDA:285,14,1,0
BRDA:297,15,0,0
BRDA:297,15,1,0
BRDA:299,16,0,0
BRDA:299,16,1,0
BRDA:304,17,0,0
BRDA:304,17,1,0
BRDA:306,18,0,0
BRDA:306,18,1,0
BRDA:316,19,0,0
BRDA:316,19,1,0
BRDA:317,20,0,0
BRDA:317,20,1,0
BRDA:320,21,0,0
BRDA:320,21,1,0
BRDA:328,22,0,0
BRDA:328,22,1,0
BRDA:328,22,2,0
BRDA:328,22,3,0
BRDA:328,22,4,0
BRDA:328,22,5,0
BRDA:330,23,0,0
BRDA:330,23,1,0
BRDA:331,24,0,0
BRDA:331,24,1,0
BRDA:335,25,0,0
BRDA:335,25,1,0
BRDA:336,26,0,0
BRDA:336,26,1,0
BRDA:339,27,0,0
BRDA:339,27,1,0
BRDA:340,28,0,0
BRDA:340,28,1,0
BRDA:343,29,0,0
BRDA:343,29,1,0
BRDA:344,30,0,0
BRDA:344,30,1,0
BRDA:347,31,0,0
BRDA:347,31,1,0
BRDA:348,32,0,0
BRDA:348,32,1,0
BRDA:355,33,0,0
BRDA:355,33,1,0
BRDA:356,34,0,0
BRDA:356,34,1,0
BRDA:358,35,0,0
BRDA:358,35,1,0
BRDA:370,36,0,0
BRDA:370,36,1,0
BRDA:370,36,2,0
BRDA:370,36,3,0
BRDA:370,36,4,0
BRDA:370,36,5,0
BRDA:409,37,0,0
BRDA:409,37,1,0
BRDA:425,38,0,0
BRDA:425,38,1,0
BRDA:460,39,0,0
BRDA:460,39,1,0
BRDA:461,40,0,0
BRDA:461,40,1,0
BRDA:462,41,0,0
BRDA:462,41,1,0
BRDA:463,42,0,0
BRDA:463,42,1,0
BRDA:464,43,0,0
BRDA:464,43,1,0
BRDA:465,44,0,0
BRDA:465,44,1,0
BRDA:466,45,0,0
BRDA:466,45,1,0
BRDA:474,46,0,0
BRDA:474,46,1,0
BRDA:474,46,2,0
BRDA:474,46,3,0
BRDA:474,46,4,0
BRDA:474,46,5,0
BRDA:496,47,0,0
BRDA:496,47,1,0
BRDA:497,48,0,0
BRDA:497,48,1,0
BRDA:498,49,0,0
BRDA:498,49,1,0
BRDA:499,50,0,0
BRDA:499,50,1,0
BRDA:500,51,0,0
BRDA:500,51,1,0
BRDA:501,52,0,0
BRDA:501,52,1,0
BRDA:505,53,0,0
BRDA:505,53,1,0
BRDA:505,54,0,0
BRDA:505,54,1,0
BRDA:517,55,0,0
BRDA:517,55,1,0
BRDA:538,56,0,0
BRDA:538,56,1,0
BRDA:540,57,0,0
BRDA:540,57,1,0
BRDA:552,58,0,0
BRDA:552,58,1,0
BRDA:559,59,0,0
BRDA:559,59,1,0
BRDA:561,60,0,0
BRDA:561,60,1,0
BRDA:581,61,0,0
BRDA:581,61,1,0
BRDA:592,62,0,0
BRDA:592,62,1,0
BRF:146
BRH:0
end_of_record
TN:
SF:src\screens\placeholders\index.js
FN:9,(anonymous_0)
FN:14,(anonymous_1)
FN:21,(anonymous_2)
FN:29,(anonymous_3)
FN:37,(anonymous_4)
FN:45,(anonymous_5)
FN:53,(anonymous_6)
FNF:7
FNH:0
FNDA:0,(anonymous_0)
FNDA:0,(anonymous_1)
FNDA:0,(anonymous_2)
FNDA:0,(anonymous_3)
FNDA:0,(anonymous_4)
FNDA:0,(anonymous_5)
FNDA:0,(anonymous_6)
DA:9,0
DA:10,0
DA:21,0
DA:22,0
DA:29,0
DA:30,0
DA:37,0
DA:38,0
DA:45,0
DA:46,0
DA:53,0
DA:54,0
DA:61,0
LF:13
LH:0
BRDA:9,0,0,0
BRF:1
BRH:0
end_of_record
TN:
SF:src\services\apiService.js
FN:6,(anonymous_0)
FN:11,(anonymous_1)
FN:21,(anonymous_2)
FN:29,(anonymous_3)
FN:37,(anonymous_4)
FN:60,(anonymous_5)
FN:76,(anonymous_6)
FN:95,(anonymous_7)
FN:104,(anonymous_8)
FN:111,(anonymous_9)
FN:118,(anonymous_10)
FN:125,(anonymous_11)
FN:132,(anonymous_12)
FN:152,(anonymous_13)
FN:164,(anonymous_14)
FN:184,(anonymous_15)
FN:188,(anonymous_16)
FN:192,(anonymous_17)
FN:196,(anonymous_18)
FN:200,(anonymous_19)
FN:204,(anonymous_20)
FN:209,(anonymous_21)
FN:213,(anonymous_22)
FN:217,(anonymous_23)
FN:221,(anonymous_24)
FN:225,(anonymous_25)
FN:231,(anonymous_26)
FN:235,(anonymous_27)
FN:239,(anonymous_28)
FN:243,(anonymous_29)
FN:248,(anonymous_30)
FN:252,(anonymous_31)
FN:257,(anonymous_32)
FN:276,(anonymous_33)
FN:280,(anonymous_34)
FN:285,(anonymous_35)
FN:298,(anonymous_36)
FN:302,(anonymous_37)
FNF:38
FNH:0
FNDA:0,(anonymous_0)
FNDA:0,(anonymous_1)
FNDA:0,(anonymous_2)
FNDA:0,(anonymous_3)
FNDA:0,(anonymous_4)
FNDA:0,(anonymous_5)
FNDA:0,(anonymous_6)
FNDA:0,(anonymous_7)
FNDA:0,(anonymous_8)
FNDA:0,(anonymous_9)
FNDA:0,(anonymous_10)
FNDA:0,(anonymous_11)
FNDA:0,(anonymous_12)
FNDA:0,(anonymous_13)
FNDA:0,(anonymous_14)
FNDA:0,(anonymous_15)
FNDA:0,(anonymous_16)
FNDA:0,(anonymous_17)
FNDA:0,(anonymous_18)
FNDA:0,(anonymous_19)
FNDA:0,(anonymous_20)
FNDA:0,(anonymous_21)
FNDA:0,(anonymous_22)
FNDA:0,(anonymous_23)
FNDA:0,(anonymous_24)
FNDA:0,(anonymous_25)
FNDA:0,(anonymous_26)
FNDA:0,(anonymous_27)
FNDA:0,(anonymous_28)
FNDA:0,(anonymous_29)
FNDA:0,(anonymous_30)
FNDA:0,(anonymous_31)
FNDA:0,(anonymous_32)
FNDA:0,(anonymous_33)
FNDA:0,(anonymous_34)
FNDA:0,(anonymous_35)
FNDA:0,(anonymous_36)
FNDA:0,(anonymous_37)
DA:3,0
DA:7,0
DA:8,0
DA:12,0
DA:13,0
DA:14,0
DA:16,0
DA:17,0
DA:22,0
DA:23,0
DA:25,0
DA:30,0
DA:31,0
DA:33,0
DA:38,0
DA:39,0
DA:41,0
DA:45,0
DA:46,0
DA:49,0
DA:58,0
DA:59,0
DA:60,0
DA:62,0
DA:67,0
DA:69,0
DA:70,0
DA:72,0
DA:73,0
DA:76,0
DA:77,0
DA:80,0
DA:82,0
DA:83,0
DA:86,0
DA:87,0
DA:90,0
DA:96,0
DA:97,0
DA:99,0
DA:105,0
DA:112,0
DA:119,0
DA:126,0
DA:133,0
DA:134,0
DA:136,0
DA:137,0
DA:140,0
DA:145,0
DA:153,0
DA:154,0
DA:155,0
DA:157,0
DA:165,0
DA:166,0
DA:168,0
DA:169,0
DA:170,0
DA:173,0
DA:175,0
DA:176,0
DA:185,0
DA:189,0
DA:193,0
DA:197,0
DA:201,0
DA:205,0
DA:210,0
DA:214,0
DA:218,0
DA:222,0
DA:226,0
DA:227,0
DA:232,0
DA:236,0
DA:240,0
DA:244,0
DA:249,0
DA:253,0
DA:258,0
DA:259,0
DA:264,0
DA:266,0
DA:277,0
DA:281,0
DA:286,0
DA:287,0
DA:288,0
DA:290,0
DA:299,0
DA:303,0
DA:308,0
LF:93
LH:0
BRDA:37,0,0,0
BRDA:45,1,0,0
BRDA:45,1,1,0
BRDA:69,2,0,0
BRDA:69,2,1,0
BRDA:70,3,0,0
BRDA:70,3,1,0
BRDA:77,4,0,0
BRDA:77,4,1,0
BRDA:82,5,0,0
BRDA:82,5,1,0
BRDA:86,6,0,0
BRDA:86,6,1,0
BRDA:95,7,0,0
BRDA:97,8,0,0
BRDA:97,8,1,0
BRDA:104,9,0,0
BRDA:111,10,0,0
BRDA:118,11,0,0
BRDA:136,12,0,0
BRDA:136,12,1,0
BRDA:168,13,0,0
BRDA:168,13,1,0
BRDA:184,14,0,0
BRDA:209,15,0,0
BRDA:231,16,0,0
BRDA:248,17,0,0
BRDA:257,18,0,0
BRDA:261,19,0,0
BRDA:261,19,1,0
BRDA:262,20,0,0
BRDA:262,20,1,0
BRF:32
BRH:0
end_of_record
TN:
SF:src\services\cameraService.js
FN:7,(anonymous_0)
FN:12,(anonymous_1)
FN:31,(anonymous_2)
FN:50,(anonymous_3)
FN:89,(anonymous_4)
FN:110,(anonymous_5)
FN:140,(anonymous_6)
FN:141,(anonymous_7)
FN:149,(anonymous_8)
FN:153,(anonymous_9)
FN:160,(anonymous_10)
FN:166,(anonymous_11)
FN:172,(anonymous_12)
FN:195,(anonymous_13)
FNF:14
FNH:0
FNDA:0,(anonymous_0)
FNDA:0,(anonymous_1)
FNDA:0,(anonymous_2)
FNDA:0,(anonymous_3)
FNDA:0,(anonymous_4)
FNDA:0,(anonymous_5)
FNDA:0,(anonymous_6)
FNDA:0,(anonymous_7)
FNDA:0,(anonymous_8)
FNDA:0,(anonymous_9)
FNDA:0,(anonymous_10)
FNDA:0,(anonymous_11)
FNDA:0,(anonymous_12)
FNDA:0,(anonymous_13)
DA:8,0
DA:13,0
DA:14,0
DA:15,0
DA:16,0
DA:18,0
DA:23,0
DA:25,0
DA:26,0
DA:32,0
DA:33,0
DA:34,0
DA:35,0
DA:37,0
DA:42,0
DA:44,0
DA:45,0
DA:51,0
DA:52,0
DA:53,0
DA:54,0
DA:55,0
DA:56,0
DA:60,0
DA:68,0
DA:69,0
DA:70,0
DA:80,0
DA:82,0
DA:83,0
DA:84,0
DA:90,0
DA:91,0
DA:92,0
DA:93,0
DA:94,0
DA:95,0
DA:99,0
DA:108,0
DA:109,0
DA:110,0
DA:119,0
DA:120,0
DA:131,0
DA:133,0
DA:134,0
DA:135,0
DA:141,0
DA:142,0
DA:149,0
DA:154,0
DA:155,0
DA:161,0
DA:162,0
DA:166,0
DA:173,0
DA:174,0
DA:175,0
DA:176,0
DA:177,0
DA:178,0
DA:182,0
DA:183,0
DA:185,0
DA:186,0
DA:188,0
DA:189,0
DA:190,0
DA:196,0
DA:197,0
DA:199,0
DA:201,0
DA:202,0
DA:210,0
DA:211,0
DA:216,0
DA:226,0
DA:233,0
DA:234,0
DA:239,0
LF:80
LH:0
BRDA:19,0,0,0
BRDA:19,0,1,0
BRDA:19,0,2,0
BRDA:38,1,0,0
BRDA:38,1,1,0
BRDA:38,1,2,0
BRDA:50,2,0,0
BRDA:52,3,0,0
BRDA:52,3,1,0
BRDA:54,4,0,0
BRDA:54,4,1,0
BRDA:62,5,0,0
BRDA:62,5,1,0
BRDA:63,6,0,0
BRDA:63,6,1,0
BRDA:64,7,0,0
BRDA:64,7,1,0
BRDA:65,8,0,0
BRDA:65,8,1,0
BRDA:68,9,0,0
BRDA:68,9,1,0
BRDA:68,10,0,0
BRDA:68,10,1,0
BRDA:68,10,2,0
BRDA:89,11,0,0
BRDA:91,12,0,0
BRDA:91,12,1,0
BRDA:93,13,0,0
BRDA:93,13,1,0
BRDA:101,14,0,0
BRDA:101,14,1,0
BRDA:102,15,0,0
BRDA:102,15,1,0
BRDA:103,16,0,0
BRDA:103,16,1,0
BRDA:104,17,0,0
BRDA:104,17,1,0
BRDA:105,18,0,0
BRDA:105,18,1,0
BRDA:108,19,0,0
BRDA:108,19,1,0
BRDA:108,20,0,0
BRDA:108,20,1,0
BRDA:108,20,2,0
BRDA:109,21,0,0
BRDA:109,21,1,0
BRDA:140,22,0,0
BRDA:174,23,0,0
BRDA:174,23,1,0
BRDA:176,24,0,0
BRDA:176,24,1,0
BRDA:195,25,0,0
BRDA:201,26,0,0
BRDA:201,26,1,0
BRDA:201,27,0,0
BRDA:201,27,1,0
BRDA:210,28,0,0
BRDA:210,28,1,0
BRDA:220,29,0,0
BRDA:220,29,1,0
BRDA:222,30,0,0
BRDA:222,30,1,0
BRF:62
BRH:0
end_of_record
TN:
SF:src\services\fileService.js
FN:6,(anonymous_0)
FN:12,(anonymous_1)
FN:22,(anonymous_2)
FN:37,(anonymous_3)
FN:51,(anonymous_4)
FN:97,(anonymous_5)
FN:102,(anonymous_6)
FN:114,(anonymous_7)
FN:125,(anonymous_8)
FN:150,(anonymous_9)
FN:163,(anonymous_10)
FN:181,(anonymous_11)
FN:196,(anonymous_12)
FN:212,(anonymous_13)
FN:225,(anonymous_14)
FN:244,(anonymous_15)
FN:249,(anonymous_16)
FN:250,(anonymous_17)
FN:251,(anonymous_18)
FN:252,(anonymous_19)
FN:264,(anonymous_20)
FN:270,(anonymous_21)
FN:280,(anonymous_22)
FNF:23
FNH:0
FNDA:0,(anonymous_0)
FNDA:0,(anonymous_1)
FNDA:0,(anonymous_2)
FNDA:0,(anonymous_3)
FNDA:0,(anonymous_4)
FNDA:0,(anonymous_5)
FNDA:0,(anonymous_6)
FNDA:0,(anonymous_7)
FNDA:0,(anonymous_8)
FNDA:0,(anonymous_9)
FNDA:0,(anonymous_10)
FNDA:0,(anonymous_11)
FNDA:0,(anonymous_12)
FNDA:0,(anonymous_13)
FNDA:0,(anonymous_14)
FNDA:0,(anonymous_15)
FNDA:0,(anonymous_16)
FNDA:0,(anonymous_17)
FNDA:0,(anonymous_18)
FNDA:0,(anonymous_19)
FNDA:0,(anonymous_20)
FNDA:0,(anonymous_21)
FNDA:0,(anonymous_22)
DA:7,0
DA:8,0
DA:13,0
DA:14,0
DA:20,0
DA:21,0
DA:22,0
DA:24,0
DA:28,0
DA:30,0
DA:31,0
DA:32,0
DA:38,0
DA:40,0
DA:52,0
DA:93,0
DA:98,0
DA:103,0
DA:110,0
DA:115,0
DA:117,0
DA:118,0
DA:119,0
DA:121,0
DA:126,0
DA:129,0
DA:130,0
DA:134,0
DA:135,0
DA:139,0
DA:140,0
DA:143,0
DA:151,0
DA:152,0
DA:155,0
DA:157,0
DA:158,0
DA:164,0
DA:165,0
DA:166,0
DA:168,0
DA:173,0
DA:175,0
DA:176,0
DA:182,0
DA:183,0
DA:184,0
DA:185,0
DA:186,0
DA:188,0
DA:190,0
DA:191,0
DA:197,0
DA:207,0
DA:208,0
DA:213,0
DA:214,0
DA:217,0
DA:219,0
DA:220,0
DA:221,0
DA:222,0
DA:224,0
DA:225,0
DA:226,0
DA:229,0
DA:230,0
DA:232,0
DA:233,0
DA:234,0
DA:239,0
DA:243,0
DA:244,0
DA:250,0
DA:251,0
DA:252,0
DA:254,0
DA:265,0
DA:266,0
DA:271,0
DA:272,0
DA:274,0
DA:275,0
DA:281,0
DA:282,0
DA:283,0
DA:284,0
DA:286,0
DA:288,0
DA:289,0
DA:294,0
LF:91
LH:0
BRDA:12,0,0,0
BRDA:15,1,0,0
BRDA:15,1,1,0
BRDA:17,2,0,0
BRDA:17,2,1,0
BRDA:20,3,0,0
BRDA:20,3,1,0
BRDA:20,4,0,0
BRDA:20,4,1,0
BRDA:20,4,2,0
BRDA:21,5,0,0
BRDA:21,5,1,0
BRDA:38,6,0,0
BRDA:38,6,1,0
BRDA:42,7,0,0
BRDA:42,7,1,0
BRDA:43,8,0,0
BRDA:43,8,1,0
BRDA:44,9,0,0
BRDA:44,9,1,0
BRDA:93,10,0,0
BRDA:93,10,1,0
BRDA:98,11,0,0
BRDA:98,11,1,0
BRDA:115,12,0,0
BRDA:115,12,1,0
BRDA:125,13,0,0
BRDA:129,14,0,0
BRDA:129,14,1,0
BRDA:129,15,0,0
BRDA:129,15,1,0
BRDA:134,16,0,0
BRDA:134,16,1,0
BRDA:134,17,0,0
BRDA:134,17,1,0
BRDA:139,18,0,0
BRDA:139,18,1,0
BRDA:139,19,0,0
BRDA:139,19,1,0
BRDA:184,20,0,0
BRDA:184,20,1,0
BRDA:196,21,0,0
BRDA:213,22,0,0
BRDA:213,22,1,0
BRDA:221,23,0,0
BRDA:221,23,1,0
BRDA:283,24,0,0
BRDA:283,24,1,0
BRF:48
BRH:0
end_of_record
TN:
SF:src\services\locationService.js
FN:5,(anonymous_0)
FN:12,(anonymous_1)
FN:33,(anonymous_2)
FN:45,(anonymous_3)
FN:98,(anonymous_4)
FN:117,(anonymous_5)
FN:142,(anonymous_6)
FN:154,(anonymous_7)
FN:171,(anonymous_8)
FN:176,(anonymous_9)
FN:205,(anonymous_10)
FN:219,(anonymous_11)
FN:228,(anonymous_12)
FN:237,(anonymous_13)
FN:244,(anonymous_14)
FNF:15
FNH:0
FNDA:0,(anonymous_0)
FNDA:0,(anonymous_1)
FNDA:0,(anonymous_2)
FNDA:0,(anonymous_3)
FNDA:0,(anonymous_4)
FNDA:0,(anonymous_5)
FNDA:0,(anonymous_6)
FNDA:0,(anonymous_7)
FNDA:0,(anonymous_8)
FNDA:0,(anonymous_9)
FNDA:0,(anonymous_10)
FNDA:0,(anonymous_11)
FNDA:0,(anonymous_12)
FNDA:0,(anonymous_13)
FNDA:0,(anonymous_14)
DA:6,0
DA:7,0
DA:8,0
DA:13,0
DA:14,0
DA:15,0
DA:17,0
DA:18,0
DA:25,0
DA:27,0
DA:28,0
DA:34,0
DA:35,0
DA:36,0
DA:37,0
DA:39,0
DA:40,0
DA:46,0
DA:47,0
DA:48,0
DA:49,0
DA:50,0
DA:55,0
DA:56,0
DA:57,0
DA:62,0
DA:65,0
DA:71,0
DA:81,0
DA:83,0
DA:85,0
DA:86,0
DA:87,0
DA:88,0
DA:90,0
DA:93,0
DA:99,0
DA:100,0
DA:101,0
DA:102,0
DA:103,0
DA:107,0
DA:108,0
DA:111,0
DA:118,0
DA:128,0
DA:129,0
DA:134,0
DA:136,0
DA:137,0
DA:143,0
DA:144,0
DA:145,0
DA:146,0
DA:149,0
DA:155,0
DA:156,0
DA:157,0
DA:160,0
DA:164,0
DA:165,0
DA:167,0
DA:172,0
DA:177,0
DA:178,0
DA:183,0
DA:184,0
DA:185,0
DA:197,0
DA:199,0
DA:200,0
DA:206,0
DA:208,0
DA:209,0
DA:210,0
DA:211,0
DA:212,0
DA:213,0
DA:215,0
DA:220,0
DA:224,0
DA:229,0
DA:238,0
DA:239,0
DA:240,0
DA:245,0
DA:246,0
DA:247,0
DA:251,0
LF:89
LH:0
BRDA:17,0,0,0
BRDA:17,0,1,0
BRDA:45,1,0,0
BRDA:47,2,0,0
BRDA:47,2,1,0
BRDA:49,3,0,0
BRDA:49,3,1,0
BRDA:56,4,0,0
BRDA:56,4,1,0
BRDA:66,5,0,0
BRDA:66,5,1,0
BRDA:67,6,0,0
BRDA:67,6,1,0
BRDA:68,7,0,0
BRDA:68,7,1,0
BRDA:85,8,0,0
BRDA:85,8,1,0
BRDA:87,9,0,0
BRDA:87,9,1,0
BRDA:98,10,0,0
BRDA:100,11,0,0
BRDA:100,11,1,0
BRDA:102,12,0,0
BRDA:102,12,1,0
BRDA:107,13,0,0
BRDA:107,13,1,0
BRDA:113,14,0,0
BRDA:113,14,1,0
BRDA:114,15,0,0
BRDA:114,15,1,0
BRDA:115,16,0,0
BRDA:115,16,1,0
BRDA:128,17,0,0
BRDA:128,17,1,0
BRDA:144,18,0,0
BRDA:144,18,1,0
BRDA:183,19,0,0
BRDA:183,19,1,0
BRDA:183,20,0,0
BRDA:183,20,1,0
BRDA:208,21,0,0
BRDA:208,21,1,0
BRDA:209,22,0,0
BRDA:209,22,1,0
BRDA:210,23,0,0
BRDA:210,23,1,0
BRDA:211,24,0,0
BRDA:211,24,1,0
BRDA:212,25,0,0
BRDA:212,25,1,0
BRDA:213,26,0,0
BRDA:213,26,1,0
BRDA:228,27,0,0
BRDA:237,28,0,0
BRDA:239,29,0,0
BRDA:239,29,1,0
BRF:56
BRH:0
end_of_record
TN:
SF:src\services\offlineDatabaseService.js
FN:5,(anonymous_0)
FN:10,(anonymous_1)
FN:24,(anonymous_2)
FN:176,(anonymous_3)
FN:181,(anonymous_4)
FN:216,(anonymous_5)
FN:243,(anonymous_6)
FN:253,(anonymous_7)
FN:254,(anonymous_8)
FN:257,(anonymous_9)
FN:258,(anonymous_10)
FN:271,(anonymous_11)
FN:303,(anonymous_12)
FN:326,(anonymous_13)
FN:360,(anonymous_14)
FN:379,(anonymous_15)
FN:411,(anonymous_16)
FN:423,(anonymous_17)
FN:454,(anonymous_18)
FN:462,(anonymous_19)
FN:469,(anonymous_20)
FN:475,(anonymous_21)
FN:480,(anonymous_22)
FN:489,(anonymous_23)
FN:497,(anonymous_24)
FN:517,(anonymous_25)
FN:531,(anonymous_26)
FNF:27
FNH:0
FNDA:0,(anonymous_0)
FNDA:0,(anonymous_1)
FNDA:0,(anonymous_2)
FNDA:0,(anonymous_3)
FNDA:0,(anonymous_4)
FNDA:0,(anonymous_5)
FNDA:0,(anonymous_6)
FNDA:0,(anonymous_7)
FNDA:0,(anonymous_8)
FNDA:0,(anonymous_9)
FNDA:0,(anonymous_10)
FNDA:0,(anonymous_11)
FNDA:0,(anonymous_12)
FNDA:0,(anonymous_13)
FNDA:0,(anonymous_14)
FNDA:0,(anonymous_15)
FNDA:0,(anonymous_16)
FNDA:0,(anonymous_17)
FNDA:0,(anonymous_18)
FNDA:0,(anonymous_19)
FNDA:0,(anonymous_20)
FNDA:0,(anonymous_21)
FNDA:0,(anonymous_22)
FNDA:0,(anonymous_23)
FNDA:0,(anonymous_24)
FNDA:0,(anonymous_25)
FNDA:0,(anonymous_26)
DA:6,0
DA:7,0
DA:11,0
DA:13,0
DA:14,0
DA:15,0
DA:16,0
DA:17,0
DA:19,0
DA:20,0
DA:25,0
DA:156,0
DA:157,0
DA:161,0
DA:171,0
DA:172,0
DA:177,0
DA:182,0
DA:184,0
DA:185,0
DA:192,0
DA:207,0
DA:209,0
DA:217,0
DA:219,0
DA:220,0
DA:222,0
DA:223,0
DA:224,0
DA:227,0
DA:228,0
DA:229,0
DA:232,0
DA:233,0
DA:234,0
DA:237,0
DA:239,0
DA:240,0
DA:244,0
DA:246,0
DA:252,0
DA:253,0
DA:254,0
DA:256,0
DA:257,0
DA:258,0
DA:260,0
DA:265,0
DA:267,0
DA:272,0
DA:274,0
DA:275,0
DA:282,0
DA:294,0
DA:296,0
DA:304,0
DA:306,0
DA:307,0
DA:309,0
DA:310,0
DA:311,0
DA:314,0
DA:315,0
DA:316,0
DA:319,0
DA:321,0
DA:322,0
DA:327,0
DA:329,0
DA:330,0
DA:337,0
DA:351,0
DA:353,0
DA:361,0
DA:363,0
DA:364,0
DA:366,0
DA:367,0
DA:368,0
DA:369,0
DA:372,0
DA:374,0
DA:375,0
DA:380,0
DA:382,0
DA:383,0
DA:390,0
DA:402,0
DA:404,0
DA:412,0
DA:414,0
DA:419,0
DA:424,0
DA:426,0
DA:427,0
DA:434,0
DA:444,0
DA:446,0
DA:455,0
DA:463,0
DA:465,0
DA:469,0
DA:476,0
DA:477,0
DA:481,0
DA:482,0
DA:490,0
DA:491,0
DA:498,0
DA:500,0
DA:505,0
DA:506,0
DA:507,0
DA:509,0
DA:513,0
DA:518,0
DA:520,0
DA:521,0
DA:522,0
DA:524,0
DA:532,0
DA:534,0
DA:535,0
DA:536,0
DA:538,0
DA:547,0
LF:126
LH:0
BRDA:11,0,0,0
BRDA:11,0,1,0
BRDA:200,1,0,0
BRDA:200,1,1,0
BRDA:201,2,0,0
BRDA:201,2,1,0
BRDA:202,3,0,0
BRDA:202,3,1,0
BRDA:216,4,0,0
BRDA:222,5,0,0
BRDA:222,5,1,0
BRDA:227,6,0,0
BRDA:227,6,1,0
BRDA:232,7,0,0
BRDA:232,7,1,0
BRDA:289,8,0,0
BRDA:289,8,1,0
BRDA:303,9,0,0
BRDA:309,10,0,0
BRDA:309,10,1,0
BRDA:314,11,0,0
BRDA:314,11,1,0
BRDA:360,12,0,0
BRDA:366,13,0,0
BRDA:366,13,1,0
BRDA:497,14,0,0
BRDA:505,15,0,0
BRDA:505,15,1,0
BRDA:517,16,0,0
BRF:29
BRH:0
end_of_record
TN:
SF:src\services\syncService.js
FN:7,(anonymous_0)
FN:17,(anonymous_1)
FN:23,(anonymous_2)
FN:32,(anonymous_3)
FN:45,(anonymous_4)
FN:50,(anonymous_5)
FN:57,(anonymous_6)
FN:60,(anonymous_7)
FN:68,(anonymous_8)
FN:69,(anonymous_9)
FN:78,(anonymous_10)
FN:88,(anonymous_11)
FN:98,(anonymous_12)
FN:156,(anonymous_13)
FN:187,(anonymous_14)
FN:206,(anonymous_15)
FN:228,(anonymous_16)
FN:253,(anonymous_17)
FN:277,(anonymous_18)
FN:283,(anonymous_19)
FN:290,(anonymous_20)
FN:320,(anonymous_21)
FN:355,(anonymous_22)
FN:357,(anonymous_23)
FN:358,(anonymous_24)
FN:361,(anonymous_25)
FN:362,(anonymous_26)
FN:370,(anonymous_27)
FN:371,(anonymous_28)
FN:372,(anonymous_29)
FN:373,(anonymous_30)
FN:382,(anonymous_31)
FN:390,(anonymous_32)
FN:399,(anonymous_33)
FN:409,(anonymous_34)
FNF:35
FNH:0
FNDA:0,(anonymous_0)
FNDA:0,(anonymous_1)
FNDA:0,(anonymous_2)
FNDA:0,(anonymous_3)
FNDA:0,(anonymous_4)
FNDA:0,(anonymous_5)
FNDA:0,(anonymous_6)
FNDA:0,(anonymous_7)
FNDA:0,(anonymous_8)
FNDA:0,(anonymous_9)
FNDA:0,(anonymous_10)
FNDA:0,(anonymous_11)
FNDA:0,(anonymous_12)
FNDA:0,(anonymous_13)
FNDA:0,(anonymous_14)
FNDA:0,(anonymous_15)
FNDA:0,(anonymous_16)
FNDA:0,(anonymous_17)
FNDA:0,(anonymous_18)
FNDA:0,(anonymous_19)
FNDA:0,(anonymous_20)
FNDA:0,(anonymous_21)
FNDA:0,(anonymous_22)
FNDA:0,(anonymous_23)
FNDA:0,(anonymous_24)
FNDA:0,(anonymous_25)
FNDA:0,(anonymous_26)
FNDA:0,(anonymous_27)
FNDA:0,(anonymous_28)
FNDA:0,(anonymous_29)
FNDA:0,(anonymous_30)
FNDA:0,(anonymous_31)
FNDA:0,(anonymous_32)
FNDA:0,(anonymous_33)
FNDA:0,(anonymous_34)
DA:8,0
DA:9,0
DA:10,0
DA:11,0
DA:12,0
DA:14,0
DA:19,0
DA:20,0
DA:23,0
DA:24,0
DA:25,0
DA:27,0
DA:30,0
DA:31,0
DA:32,0
DA:33,0
DA:34,0
DA:39,0
DA:42,0
DA:46,0
DA:47,0
DA:50,0
DA:51,0
DA:52,0
DA:58,0
DA:60,0
DA:61,0
DA:62,0
DA:63,0
DA:69,0
DA:70,0
DA:71,0
DA:73,0
DA:79,0
DA:80,0
DA:81,0
DA:83,0
DA:84,0
DA:89,0
DA:90,0
DA:91,0
DA:93,0
DA:99,0
DA:100,0
DA:101,0
DA:104,0
DA:105,0
DA:106,0
DA:109,0
DA:110,0
DA:112,0
DA:114,0
DA:116,0
DA:119,0
DA:122,0
DA:124,0
DA:126,0
DA:133,0
DA:134,0
DA:136,0
DA:139,0
DA:141,0
DA:147,0
DA:148,0
DA:151,0
DA:157,0
DA:158,0
DA:159,0
DA:161,0
DA:163,0
DA:164,0
DA:165,0
DA:166,0
DA:167,0
DA:169,0
DA:177,0
DA:178,0
DA:179,0
DA:183,0
DA:184,0
DA:188,0
DA:190,0
DA:192,0
DA:194,0
DA:196,0
DA:198,0
DA:200,0
DA:202,0
DA:207,0
DA:209,0
DA:211,0
DA:212,0
DA:214,0
DA:217,0
DA:218,0
DA:220,0
DA:224,0
DA:229,0
DA:231,0
DA:232,0
DA:234,0
DA:239,0
DA:242,0
DA:243,0
DA:245,0
DA:249,0
DA:254,0
DA:256,0
DA:257,0
DA:258,0
DA:263,0
DA:266,0
DA:267,0
DA:269,0
DA:273,0
DA:279,0
DA:280,0
DA:285,0
DA:286,0
DA:291,0
DA:293,0
DA:295,0
DA:297,0
DA:298,0
DA:299,0
DA:302,0
DA:303,0
DA:304,0
DA:307,0
DA:308,0
DA:309,0
DA:311,0
DA:312,0
DA:315,0
DA:316,0
DA:324,0
DA:326,0
DA:331,0
DA:333,0
DA:334,0
DA:341,0
DA:344,0
DA:350,0
DA:356,0
DA:357,0
DA:358,0
DA:360,0
DA:361,0
DA:362,0
DA:364,0
DA:371,0
DA:372,0
DA:373,0
DA:375,0
DA:383,0
DA:391,0
DA:392,0
DA:395,0
DA:396,0
DA:400,0
DA:401,0
DA:404,0
DA:405,0
DA:410,0
DA:411,0
DA:413,0
DA:418,0
LF:167
LH:0
BRDA:27,0,0,0
BRDA:27,0,1,0
BRDA:30,1,0,0
BRDA:30,1,1,0
BRDA:30,2,0,0
BRDA:30,2,1,0
BRDA:33,3,0,0
BRDA:33,3,1,0
BRDA:33,4,0,0
BRDA:33,4,1,0
BRDA:46,5,0,0
BRDA:46,5,1,0
BRDA:51,6,0,0
BRDA:51,6,1,0
BRDA:51,7,0,0
BRDA:51,7,1,0
BRDA:62,8,0,0
BRDA:62,8,1,0
BRDA:81,9,0,0
BRDA:81,9,1,0
BRDA:88,10,0,0
BRDA:98,11,0,0
BRDA:99,12,0,0
BRDA:99,12,1,0
BRDA:99,13,0,0
BRDA:99,13,1,0
BRDA:104,14,0,0
BRDA:104,14,1,0
BRDA:190,15,0,0
BRDA:190,15,1,0
BRDA:190,15,2,0
BRDA:190,15,3,0
BRDA:190,15,4,0
BRDA:190,15,5,0
BRDA:207,16,0,0
BRDA:207,16,1,0
BRDA:207,16,2,0
BRDA:211,17,0,0
BRDA:211,17,1,0
BRDA:217,18,0,0
BRDA:217,18,1,0
BRDA:229,19,0,0
BRDA:229,19,1,0
BRDA:229,19,2,0
BRDA:232,20,0,0
BRDA:232,20,1,0
BRDA:242,21,0,0
BRDA:242,21,1,0
BRDA:254,22,0,0
BRDA:254,22,1,0
BRDA:254,22,2,0
BRDA:257,23,0,0
BRDA:257,23,1,0
BRDA:266,24,0,0
BRDA:266,24,1,0
BRDA:331,25,0,0
BRDA:331,25,1,0
BRDA:391,26,0,0
BRDA:391,26,1,0
BRDA:400,27,0,0
BRDA:400,27,1,0
BRDA:410,28,0,0
BRDA:410,28,1,0
BRF:63
BRH:0
end_of_record
TN:
SF:src\store\store.js
FN:39,(anonymous_0)
FNF:1
FNH:0
FNDA:0,(anonymous_0)
DA:13,0
DA:21,0
DA:31,0
DA:37,0
DA:40,0
DA:48,0
LF:6
LH:0
BRF:0
BRH:0
end_of_record
TN:
SF:src\store\slices\agendaSlice.js
FN:79,(anonymous_0)
FN:84,(anonymous_1)
FN:101,(anonymous_2)
FN:107,(anonymous_3)
FN:112,(anonymous_4)
FN:126,(anonymous_5)
FN:132,(anonymous_6)
FN:137,(anonymous_7)
FN:139,(anonymous_8)
FN:157,(anonymous_9)
FN:163,(anonymous_10)
FN:165,(anonymous_11)
FN:176,(anonymous_12)
FN:180,(anonymous_13)
FN:184,(anonymous_14)
FN:204,(anonymous_15)
FN:224,(anonymous_16)
FN:229,(anonymous_17)
FN:233,(anonymous_18)
FN:238,(anonymous_19)
FN:245,(anonymous_20)
FN:250,(anonymous_21)
FN:254,(anonymous_22)
FN:258,(anonymous_23)
FN:263,(anonymous_24)
FN:265,(anonymous_25)
FN:291,(anonymous_26)
FN:295,(anonymous_27)
FN:297,(anonymous_28)
FN:302,(anonymous_29)
FN:305,(anonymous_30)
FN:309,(anonymous_31)
FN:313,(anonymous_32)
FN:319,(anonymous_33)
FN:325,(anonymous_34)
FN:329,(anonymous_35)
FN:336,updateStats
FN:341,(anonymous_37)
FN:342,(anonymous_38)
FN:348,(anonymous_39)
FN:349,(anonymous_40)
FN:352,(anonymous_41)
FN:356,(anonymous_42)
FN:357,(anonymous_43)
FN:358,(anonymous_44)
FN:397,(anonymous_45)
FN:398,(anonymous_46)
FN:399,(anonymous_47)
FN:400,(anonymous_48)
FN:401,(anonymous_49)
FN:402,(anonymous_50)
FN:403,(anonymous_51)
FN:404,(anonymous_52)
FN:405,(anonymous_53)
FN:406,(anonymous_54)
FN:407,(anonymous_55)
FN:408,(anonymous_56)
FN:411,(anonymous_57)
FN:412,(anonymous_58)
FN:414,(anonymous_59)
FN:417,(anonymous_60)
FN:434,(anonymous_61)
FN:439,(anonymous_62)
FN:443,(anonymous_63)
FNF:64
FNH:1
FNDA:0,(anonymous_0)
FNDA:0,(anonymous_1)
FNDA:0,(anonymous_2)
FNDA:0,(anonymous_3)
FNDA:0,(anonymous_4)
FNDA:0,(anonymous_5)
FNDA:0,(anonymous_6)
FNDA:0,(anonymous_7)
FNDA:0,(anonymous_8)
FNDA:0,(anonymous_9)
FNDA:0,(anonymous_10)
FNDA:0,(anonymous_11)
FNDA:0,(anonymous_12)
FNDA:0,(anonymous_13)
FNDA:0,(anonymous_14)
FNDA:0,(anonymous_15)
FNDA:0,(anonymous_16)
FNDA:0,(anonymous_17)
FNDA:0,(anonymous_18)
FNDA:0,(anonymous_19)
FNDA:0,(anonymous_20)
FNDA:0,(anonymous_21)
FNDA:0,(anonymous_22)
FNDA:0,(anonymous_23)
FNDA:0,(anonymous_24)
FNDA:0,(anonymous_25)
FNDA:0,(anonymous_26)
FNDA:0,(anonymous_27)
FNDA:0,(anonymous_28)
FNDA:0,(anonymous_29)
FNDA:0,(anonymous_30)
FNDA:0,(anonymous_31)
FNDA:0,(anonymous_32)
FNDA:0,(anonymous_33)
FNDA:0,(anonymous_34)
FNDA:0,(anonymous_35)
FNDA:0,updateStats
FNDA:0,(anonymous_37)
FNDA:0,(anonymous_38)
FNDA:0,(anonymous_39)
FNDA:0,(anonymous_40)
FNDA:0,(anonymous_41)
FNDA:0,(anonymous_42)
FNDA:0,(anonymous_43)
FNDA:0,(anonymous_44)
FNDA:12,(anonymous_45)
FNDA:0,(anonymous_46)
FNDA:0,(anonymous_47)
FNDA:0,(anonymous_48)
FNDA:0,(anonymous_49)
FNDA:0,(anonymous_50)
FNDA:0,(anonymous_51)
FNDA:0,(anonymous_52)
FNDA:0,(anonymous_53)
FNDA:0,(anonymous_54)
FNDA:0,(anonymous_55)
FNDA:0,(anonymous_56)
FNDA:0,(anonymous_57)
FNDA:0,(anonymous_58)
FNDA:0,(anonymous_59)
FNDA:0,(anonymous_60)
FNDA:0,(anonymous_61)
FNDA:0,(anonymous_62)
FNDA:0,(anonymous_63)
DA:8,2
DA:74,2
DA:80,0
DA:81,0
DA:85,0
DA:87,0
DA:88,0
DA:89,0
DA:90,0
DA:93,0
DA:94,0
DA:98,0
DA:102,0
DA:103,0
DA:108,0
DA:109,0
DA:113,0
DA:114,0
DA:115,0
DA:116,0
DA:119,0
DA:127,0
DA:128,0
DA:133,0
DA:134,0
DA:138,0
DA:139,0
DA:141,0
DA:142,0
DA:145,0
DA:146,0
DA:149,0
DA:158,0
DA:159,0
DA:164,0
DA:165,0
DA:168,0
DA:177,0
DA:181,0
DA:185,0
DA:188,0
DA:190,0
DA:191,0
DA:193,0
DA:194,0
DA:197,0
DA:198,0
DA:201,0
DA:205,0
DA:208,0
DA:210,0
DA:211,0
DA:213,0
DA:214,0
DA:217,0
DA:218,0
DA:221,0
DA:225,0
DA:230,0
DA:234,0
DA:235,0
DA:237,0
DA:238,0
DA:240,0
DA:246,0
DA:251,0
DA:255,0
DA:259,0
DA:264,0
DA:265,0
DA:267,0
DA:268,0
DA:269,0
DA:272,0
DA:275,0
DA:280,0
DA:292,0
DA:296,0
DA:297,0
DA:298,0
DA:303,0
DA:304,0
DA:305,0
DA:310,0
DA:314,0
DA:315,0
DA:316,0
DA:320,0
DA:321,0
DA:326,0
DA:330,0
DA:337,0
DA:338,0
DA:339,0
DA:341,0
DA:342,0
DA:343,0
DA:346,0
DA:348,0
DA:350,0
DA:353,0
DA:356,0
DA:357,0
DA:358,0
DA:394,2
DA:397,12
DA:398,2
DA:399,2
DA:400,2
DA:401,2
DA:402,2
DA:403,2
DA:404,2
DA:405,2
DA:406,2
DA:407,2
DA:408,2
DA:411,2
DA:412,0
DA:414,2
DA:415,0
DA:417,0
DA:419,0
DA:422,0
DA:425,0
DA:428,0
DA:430,0
DA:434,2
DA:435,0
DA:436,0
DA:439,2
DA:440,0
DA:441,0
DA:443,0
DA:444,0
DA:445,0
LF:136
LH:19
BRDA:93,0,0,0
BRDA:93,0,1,0
BRDA:93,1,0,0
BRDA:93,1,1,0
BRDA:141,2,0,0
BRDA:141,2,1,0
BRDA:188,3,0,0
BRDA:188,3,1,0
BRDA:188,3,2,0
BRDA:188,3,3,0
BRDA:208,4,0,0
BRDA:208,4,1,0
BRDA:208,4,2,0
BRDA:208,4,3,0
BRDA:237,5,0,0
BRDA:237,5,1,0
BRDA:267,6,0,0
BRDA:267,6,1,0
BRDA:297,7,0,0
BRDA:297,7,1,0
BRDA:353,8,0,0
BRDA:353,8,1,0
BRDA:419,9,0,0
BRDA:419,9,1,0
BRDA:422,10,0,0
BRDA:422,10,1,0
BRDA:425,11,0,0
BRDA:425,11,1,0
BRDA:425,12,0,0
BRDA:425,12,1,0
BRDA:428,13,0,0
BRDA:428,13,1,0
BRDA:428,14,0,0
BRDA:428,14,1,0
BRDA:445,15,0,0
BRDA:445,15,1,0
BRF:36
BRH:0
end_of_record
TN:
SF:src\store\slices\agendamentoSlice.js
FN:55,(anonymous_0)
FN:60,(anonymous_1)
FN:65,(anonymous_2)
FN:74,(anonymous_3)
FN:78,(anonymous_4)
FN:85,(anonymous_5)
FN:91,(anonymous_6)
FN:96,(anonymous_7)
FN:113,(anonymous_8)
FN:121,(anonymous_9)
FN:127,(anonymous_10)
FN:131,(anonymous_11)
FN:137,(anonymous_12)
FN:143,(anonymous_13)
FN:153,(anonymous_14)
FN:171,(anonymous_15)
FN:189,(anonymous_16)
FN:204,(anonymous_17)
FN:211,(anonymous_18)
FN:224,(anonymous_19)
FN:229,(anonymous_20)
FN:239,(anonymous_21)
FN:244,(anonymous_22)
FN:249,(anonymous_23)
FN:254,(anonymous_24)
FN:259,(anonymous_25)
FN:287,(anonymous_26)
FN:288,(anonymous_27)
FN:289,(anonymous_28)
FN:290,(anonymous_29)
FN:291,(anonymous_30)
FN:292,(anonymous_31)
FN:293,(anonymous_32)
FN:294,(anonymous_33)
FN:295,(anonymous_34)
FNF:35
FNH:0
FNDA:0,(anonymous_0)
FNDA:0,(anonymous_1)
FNDA:0,(anonymous_2)
FNDA:0,(anonymous_3)
FNDA:0,(anonymous_4)
FNDA:0,(anonymous_5)
FNDA:0,(anonymous_6)
FNDA:0,(anonymous_7)
FNDA:0,(anonymous_8)
FNDA:0,(anonymous_9)
FNDA:0,(anonymous_10)
FNDA:0,(anonymous_11)
FNDA:0,(anonymous_12)
FNDA:0,(anonymous_13)
FNDA:0,(anonymous_14)
FNDA:0,(anonymous_15)
FNDA:0,(anonymous_16)
FNDA:0,(anonymous_17)
FNDA:0,(anonymous_18)
FNDA:0,(anonymous_19)
FNDA:0,(anonymous_20)
FNDA:0,(anonymous_21)
FNDA:0,(anonymous_22)
FNDA:0,(anonymous_23)
FNDA:0,(anonymous_24)
FNDA:0,(anonymous_25)
FNDA:0,(anonymous_26)
FNDA:0,(anonymous_27)
FNDA:0,(anonymous_28)
FNDA:0,(anonymous_29)
FNDA:0,(anonymous_30)
FNDA:0,(anonymous_31)
FNDA:0,(anonymous_32)
FNDA:0,(anonymous_33)
FNDA:0,(anonymous_34)
DA:7,0
DA:50,0
DA:56,0
DA:57,0
DA:61,0
DA:64,0
DA:65,0
DA:66,0
DA:70,0
DA:71,0
DA:73,0
DA:75,0
DA:76,0
DA:78,0
DA:81,0
DA:82,0
DA:86,0
DA:87,0
DA:92,0
DA:93,0
DA:97,0
DA:100,0
DA:101,0
DA:102,0
DA:106,0
DA:107,0
DA:108,0
DA:110,0
DA:111,0
DA:112,0
DA:113,0
DA:115,0
DA:118,0
DA:122,0
DA:123,0
DA:128,0
DA:131,0
DA:132,0
DA:133,0
DA:137,0
DA:138,0
DA:139,0
DA:143,0
DA:144,0
DA:145,0
DA:154,0
DA:156,0
DA:165,0
DA:172,0
DA:174,0
DA:183,0
DA:190,0
DA:192,0
DA:198,0
DA:205,0
DA:207,0
DA:211,0
DA:218,0
DA:225,0
DA:230,0
DA:240,0
DA:245,0
DA:250,0
DA:255,0
DA:260,0
DA:284,0
DA:287,0
DA:288,0
DA:289,0
DA:290,0
DA:291,0
DA:292,0
DA:293,0
DA:294,0
DA:295,0
LF:75
LH:0
BRDA:76,0,0,0
BRDA:76,0,1,0
BRDA:101,1,0,0
BRDA:101,1,1,0
BRDA:110,2,0,0
BRDA:110,2,1,0
BRDA:110,3,0,0
BRDA:110,3,1,0
BRDA:132,4,0,0
BRDA:132,4,1,0
BRDA:138,5,0,0
BRDA:138,5,1,0
BRDA:144,6,0,0
BRDA:144,6,1,0
BRF:14
BRH:0
end_of_record
TN:
SF:src\store\slices\authSlice.js
FN:23,(anonymous_0)
FN:28,(anonymous_1)
FN:38,(anonymous_2)
FN:47,(anonymous_3)
FN:52,(anonymous_4)
FN:59,(anonymous_5)
FN:64,(anonymous_6)
FN:76,(anonymous_7)
FN:81,(anonymous_8)
FN:86,(anonymous_9)
FN:106,(anonymous_10)
FN:107,(anonymous_11)
FN:108,(anonymous_12)
FN:109,(anonymous_13)
FN:110,(anonymous_14)
FN:111,(anonymous_15)
FNF:16
FNH:0
FNDA:0,(anonymous_0)
FNDA:0,(anonymous_1)
FNDA:0,(anonymous_2)
FNDA:0,(anonymous_3)
FNDA:0,(anonymous_4)
FNDA:0,(anonymous_5)
FNDA:0,(anonymous_6)
FNDA:0,(anonymous_7)
FNDA:0,(anonymous_8)
FNDA:0,(anonymous_9)
FNDA:0,(anonymous_10)
FNDA:0,(anonymous_11)
FNDA:0,(anonymous_12)
FNDA:0,(anonymous_13)
FNDA:0,(anonymous_14)
FNDA:0,(anonymous_15)
DA:7,0
DA:18,0
DA:24,0
DA:25,0
DA:29,0
DA:30,0
DA:31,0
DA:32,0
DA:33,0
DA:34,0
DA:35,0
DA:39,0
DA:40,0
DA:41,0
DA:42,0
DA:43,0
DA:48,0
DA:49,0
DA:53,0
DA:54,0
DA:55,0
DA:60,0
DA:65,0
DA:66,0
DA:67,0
DA:68,0
DA:69,0
DA:70,0
DA:71,0
DA:72,0
DA:77,0
DA:82,0
DA:87,0
DA:103,0
DA:106,0
DA:107,0
DA:108,0
DA:109,0
DA:110,0
DA:111,0
LF:40
LH:0
BRDA:32,0,0,0
BRDA:32,0,1,0
BRF:2
BRH:0
end_of_record
TN:
SF:src\store\slices\offlineSlice.js
FN:52,(anonymous_0)
FN:57,(anonymous_1)
FN:77,(anonymous_2)
FN:79,(anonymous_3)
FN:84,(anonymous_4)
FN:101,(anonymous_5)
FN:110,(anonymous_6)
FN:112,(anonymous_7)
FN:121,(anonymous_8)
FN:139,(anonymous_9)
FN:141,(anonymous_10)
FN:146,(anonymous_11)
FN:147,(anonymous_12)
FN:154,(anonymous_13)
FN:161,(anonymous_14)
FN:166,(anonymous_15)
FN:171,(anonymous_16)
FN:182,(anonymous_17)
FN:196,(anonymous_18)
FN:201,(anonymous_19)
FN:206,(anonymous_20)
FN:211,(anonymous_21)
FN:224,(anonymous_22)
FN:237,(anonymous_23)
FN:251,(anonymous_24)
FN:255,(anonymous_25)
FN:257,(anonymous_26)
FN:262,(anonymous_27)
FN:267,(anonymous_28)
FN:293,(anonymous_29)
FN:294,(anonymous_30)
FN:295,(anonymous_31)
FN:296,(anonymous_32)
FN:297,(anonymous_33)
FN:298,(anonymous_34)
FN:299,(anonymous_35)
FN:300,(anonymous_36)
FN:301,(anonymous_37)
FN:304,(anonymous_38)
FN:308,(anonymous_39)
FN:309,(anonymous_40)
FN:312,(anonymous_41)
FNF:42
FNH:0
FNDA:0,(anonymous_0)
FNDA:0,(anonymous_1)
FNDA:0,(anonymous_2)
FNDA:0,(anonymous_3)
FNDA:0,(anonymous_4)
FNDA:0,(anonymous_5)
FNDA:0,(anonymous_6)
FNDA:0,(anonymous_7)
FNDA:0,(anonymous_8)
FNDA:0,(anonymous_9)
FNDA:0,(anonymous_10)
FNDA:0,(anonymous_11)
FNDA:0,(anonymous_12)
FNDA:0,(anonymous_13)
FNDA:0,(anonymous_14)
FNDA:0,(anonymous_15)
FNDA:0,(anonymous_16)
FNDA:0,(anonymous_17)
FNDA:0,(anonymous_18)
FNDA:0,(anonymous_19)
FNDA:0,(anonymous_20)
FNDA:0,(anonymous_21)
FNDA:0,(anonymous_22)
FNDA:0,(anonymous_23)
FNDA:0,(anonymous_24)
FNDA:0,(anonymous_25)
FNDA:0,(anonymous_26)
FNDA:0,(anonymous_27)
FNDA:0,(anonymous_28)
FNDA:0,(anonymous_29)
FNDA:0,(anonymous_30)
FNDA:0,(anonymous_31)
FNDA:0,(anonymous_32)
FNDA:0,(anonymous_33)
FNDA:0,(anonymous_34)
FNDA:0,(anonymous_35)
FNDA:0,(anonymous_36)
FNDA:0,(anonymous_37)
FNDA:0,(anonymous_38)
FNDA:0,(anonymous_39)
FNDA:0,(anonymous_40)
FNDA:0,(anonymous_41)
DA:7,1
DA:47,1
DA:53,0
DA:58,0
DA:60,0
DA:61,0
DA:64,0
DA:72,0
DA:73,0
DA:76,0
DA:78,0
DA:79,0
DA:85,0
DA:87,0
DA:89,0
DA:92,0
DA:94,0
DA:97,0
DA:102,0
DA:104,0
DA:105,0
DA:106,0
DA:109,0
DA:111,0
DA:112,0
DA:116,0
DA:122,0
DA:131,0
DA:132,0
DA:134,0
DA:140,0
DA:141,0
DA:147,0
DA:148,0
DA:149,0
DA:152,0
DA:153,0
DA:154,0
DA:162,0
DA:167,0
DA:172,0
DA:173,0
DA:175,0
DA:176,0
DA:177,0
DA:183,0
DA:190,0
DA:191,0
DA:192,0
DA:197,0
DA:202,0
DA:207,0
DA:210,0
DA:211,0
DA:212,0
DA:223,0
DA:224,0
DA:225,0
DA:236,0
DA:237,0
DA:238,0
DA:249,0
DA:250,0
DA:251,0
DA:254,0
DA:256,0
DA:257,0
DA:263,0
DA:268,0
DA:290,1
DA:293,1
DA:294,1
DA:295,1
DA:296,1
DA:297,1
DA:298,1
DA:299,1
DA:300,1
DA:301,1
DA:304,1
DA:305,0
DA:308,1
DA:309,0
DA:312,1
DA:313,0
LF:85
LH:15
BRDA:60,0,0,0
BRDA:60,0,1,0
BRDA:66,1,0,0
BRDA:66,1,1,0
BRDA:79,2,0,0
BRDA:79,2,1,0
BRDA:87,3,0,0
BRDA:87,3,1,0
BRDA:87,4,0,0
BRDA:87,4,1,0
BRDA:104,5,0,0
BRDA:104,5,1,0
BRDA:104,6,0,0
BRDA:104,6,1,0
BRDA:112,7,0,0
BRDA:112,7,1,0
BRDA:127,8,0,0
BRDA:127,8,1,0
BRDA:131,9,0,0
BRDA:131,9,1,0
BRDA:148,10,0,0
BRDA:148,10,1,0
BRDA:152,11,0,0
BRDA:152,11,1,0
BRDA:175,12,0,0
BRDA:175,12,1,0
BRDA:176,13,0,0
BRDA:176,13,1,0
BRDA:177,14,0,0
BRDA:177,14,1,0
BRDA:210,15,0,0
BRDA:210,15,1,0
BRDA:223,16,0,0
BRDA:223,16,1,0
BRDA:236,17,0,0
BRDA:236,17,1,0
BRDA:257,18,0,0
BRDA:257,18,1,0
BRDA:313,19,0,0
BRDA:313,19,1,0
BRF:40
BRH:0
end_of_record
TN:
SF:src\store\slices\osSlice.js
FN:50,(anonymous_0)
FN:55,(anonymous_1)
FN:57,(anonymous_2)
FN:60,(anonymous_3)
FN:71,(anonymous_4)
FN:72,(anonymous_5)
FN:75,(anonymous_6)
FN:81,(anonymous_7)
FN:87,(anonymous_8)
FN:92,(anonymous_9)
FN:98,(anonymous_10)
FN:104,(anonymous_11)
FN:110,(anonymous_12)
FN:121,(anonymous_13)
FN:137,(anonymous_14)
FN:149,(anonymous_15)
FN:166,(anonymous_16)
FN:174,(anonymous_17)
FN:190,(anonymous_18)
FN:197,(anonymous_19)
FN:212,(anonymous_20)
FN:219,(anonymous_21)
FN:234,(anonymous_22)
FN:238,(anonymous_23)
FN:243,(anonymous_24)
FN:247,(anonymous_25)
FN:253,(anonymous_26)
FN:259,(anonymous_27)
FN:263,(anonymous_28)
FN:268,(anonymous_29)
FN:297,(anonymous_30)
FN:298,(anonymous_31)
FN:299,(anonymous_32)
FN:300,(anonymous_33)
FN:301,(anonymous_34)
FN:302,(anonymous_35)
FN:303,(anonymous_36)
FN:304,(anonymous_37)
FN:305,(anonymous_38)
FNF:39
FNH:0
FNDA:0,(anonymous_0)
FNDA:0,(anonymous_1)
FNDA:0,(anonymous_2)
FNDA:0,(anonymous_3)
FNDA:0,(anonymous_4)
FNDA:0,(anonymous_5)
FNDA:0,(anonymous_6)
FNDA:0,(anonymous_7)
FNDA:0,(anonymous_8)
FNDA:0,(anonymous_9)
FNDA:0,(anonymous_10)
FNDA:0,(anonymous_11)
FNDA:0,(anonymous_12)
FNDA:0,(anonymous_13)
FNDA:0,(anonymous_14)
FNDA:0,(anonymous_15)
FNDA:0,(anonymous_16)
FNDA:0,(anonymous_17)
FNDA:0,(anonymous_18)
FNDA:0,(anonymous_19)
FNDA:0,(anonymous_20)
FNDA:0,(anonymous_21)
FNDA:0,(anonymous_22)
FNDA:0,(anonymous_23)
FNDA:0,(anonymous_24)
FNDA:0,(anonymous_25)
FNDA:0,(anonymous_26)
FNDA:0,(anonymous_27)
FNDA:0,(anonymous_28)
FNDA:0,(anonymous_29)
FNDA:0,(anonymous_30)
FNDA:0,(anonymous_31)
FNDA:0,(anonymous_32)
FNDA:0,(anonymous_33)
FNDA:0,(anonymous_34)
FNDA:0,(anonymous_35)
FNDA:0,(anonymous_36)
FNDA:0,(anonymous_37)
FNDA:0,(anonymous_38)
DA:7,0
DA:45,0
DA:51,0
DA:52,0
DA:56,0
DA:57,0
DA:58,0
DA:60,0
DA:61,0
DA:62,0
DA:64,0
DA:65,0
DA:66,0
DA:69,0
DA:71,0
DA:73,0
DA:76,0
DA:82,0
DA:83,0
DA:88,0
DA:89,0
DA:93,0
DA:94,0
DA:95,0
DA:98,0
DA:99,0
DA:100,0
DA:105,0
DA:106,0
DA:111,0
DA:112,0
DA:115,0
DA:116,0
DA:117,0
DA:121,0
DA:122,0
DA:123,0
DA:124,0
DA:128,0
DA:138,0
DA:139,0
DA:142,0
DA:143,0
DA:144,0
DA:145,0
DA:149,0
DA:150,0
DA:151,0
DA:152,0
DA:153,0
DA:157,0
DA:167,0
DA:169,0
DA:170,0
DA:171,0
DA:174,0
DA:175,0
DA:176,0
DA:177,0
DA:181,0
DA:191,0
DA:193,0
DA:194,0
DA:197,0
DA:198,0
DA:199,0
DA:203,0
DA:213,0
DA:215,0
DA:216,0
DA:219,0
DA:220,0
DA:221,0
DA:225,0
DA:235,0
DA:239,0
DA:244,0
DA:248,0
DA:249,0
DA:250,0
DA:254,0
DA:255,0
DA:260,0
DA:264,0
DA:269,0
DA:294,0
DA:297,0
DA:298,0
DA:299,0
DA:300,0
DA:301,0
DA:302,0
DA:303,0
DA:304,0
DA:305,0
LF:95
LH:0
BRDA:99,0,0,0
BRDA:99,0,1,0
BRDA:115,1,0,0
BRDA:115,1,1,0
BRDA:115,2,0,0
BRDA:115,2,1,0
BRDA:122,3,0,0
BRDA:122,3,1,0
BRDA:142,4,0,0
BRDA:142,4,1,0
BRDA:142,5,0,0
BRDA:142,5,1,0
BRDA:150,6,0,0
BRDA:150,6,1,0
BRDA:169,7,0,0
BRDA:169,7,1,0
BRDA:169,8,0,0
BRDA:169,8,1,0
BRDA:170,9,0,0
BRDA:170,9,1,0
BRDA:175,10,0,0
BRDA:175,10,1,0
BRDA:176,11,0,0
BRDA:176,11,1,0
BRDA:193,12,0,0
BRDA:193,12,1,0
BRDA:193,13,0,0
BRDA:193,13,1,0
BRDA:198,14,0,0
BRDA:198,14,1,0
BRDA:215,15,0,0
BRDA:215,15,1,0
BRDA:215,16,0,0
BRDA:215,16,1,0
BRDA:220,17,0,0
BRDA:220,17,1,0
BRF:36
BRH:0
end_of_record
TN:
SF:src\store\slices\syncSlice.js
FN:43,(anonymous_0)
FN:57,(anonymous_1)
FN:75,(anonymous_2)
FN:86,(anonymous_3)
FN:88,(anonymous_4)
FN:93,(anonymous_5)
FN:95,(anonymous_6)
FN:100,(anonymous_7)
FN:106,(anonymous_8)
FN:126,(anonymous_9)
FN:131,(anonymous_10)
FN:135,(anonymous_11)
FN:140,(anonymous_12)
FN:141,(anonymous_13)
FN:149,(anonymous_14)
FN:158,(anonymous_15)
FN:167,(anonymous_16)
FN:169,(anonymous_17)
FN:174,(anonymous_18)
FN:180,(anonymous_19)
FN:185,(anonymous_20)
FN:196,(anonymous_21)
FN:221,(anonymous_22)
FN:222,(anonymous_23)
FN:223,(anonymous_24)
FN:224,(anonymous_25)
FN:225,(anonymous_26)
FN:226,(anonymous_27)
FN:227,(anonymous_28)
FN:228,(anonymous_29)
FN:229,(anonymous_30)
FNF:31
FNH:0
FNDA:0,(anonymous_0)
FNDA:0,(anonymous_1)
FNDA:0,(anonymous_2)
FNDA:0,(anonymous_3)
FNDA:0,(anonymous_4)
FNDA:0,(anonymous_5)
FNDA:0,(anonymous_6)
FNDA:0,(anonymous_7)
FNDA:0,(anonymous_8)
FNDA:0,(anonymous_9)
FNDA:0,(anonymous_10)
FNDA:0,(anonymous_11)
FNDA:0,(anonymous_12)
FNDA:0,(anonymous_13)
FNDA:0,(anonymous_14)
FNDA:0,(anonymous_15)
FNDA:0,(anonymous_16)
FNDA:0,(anonymous_17)
FNDA:0,(anonymous_18)
FNDA:0,(anonymous_19)
FNDA:0,(anonymous_20)
FNDA:0,(anonymous_21)
FNDA:0,(anonymous_22)
FNDA:0,(anonymous_23)
FNDA:0,(anonymous_24)
FNDA:0,(anonymous_25)
FNDA:0,(anonymous_26)
FNDA:0,(anonymous_27)
FNDA:0,(anonymous_28)
FNDA:0,(anonymous_29)
FNDA:0,(anonymous_30)
DA:7,0
DA:38,0
DA:44,0
DA:45,0
DA:46,0
DA:47,0
DA:48,0
DA:51,0
DA:52,0
DA:58,0
DA:67,0
DA:68,0
DA:70,0
DA:76,0
DA:82,0
DA:87,0
DA:88,0
DA:94,0
DA:95,0
DA:101,0
DA:102,0
DA:107,0
DA:108,0
DA:109,0
DA:112,0
DA:113,0
DA:114,0
DA:118,0
DA:119,0
DA:120,0
DA:121,0
DA:127,0
DA:128,0
DA:131,0
DA:132,0
DA:135,0
DA:136,0
DA:140,0
DA:141,0
DA:144,0
DA:145,0
DA:150,0
DA:152,0
DA:153,0
DA:159,0
DA:168,0
DA:169,0
DA:175,0
DA:176,0
DA:181,0
DA:186,0
DA:197,0
DA:218,0
DA:221,0
DA:222,0
DA:223,0
DA:224,0
DA:225,0
DA:226,0
DA:227,0
DA:228,0
DA:229,0
LF:62
LH:0
BRDA:51,0,0,0
BRDA:51,0,1,0
BRDA:51,1,0,0
BRDA:51,1,1,0
BRDA:61,2,0,0
BRDA:61,2,1,0
BRDA:67,3,0,0
BRDA:67,3,1,0
BRDA:112,4,0,0
BRDA:112,4,1,0
BRDA:113,5,0,0
BRDA:113,5,1,0
BRDA:118,6,0,0
BRDA:118,6,1,0
BRDA:119,7,0,0
BRDA:119,7,1,0
BRDA:120,8,0,0
BRDA:120,8,1,0
BRDA:121,9,0,0
BRDA:121,9,1,0
BRDA:152,10,0,0
BRDA:152,10,1,0
BRF:22
BRH:0
end_of_record
TN:
SF:src\styles\theme.js
FNF:0
FNH:0
DA:7,1
DA:64,1
LF:2
LH:2
BRF:0
BRH:0
end_of_record
